Using pre-set license
Built from '2020.3/release' branch; Version is '2020.3.7f1 (dd97f2c94397) revision 14522354'; Using compiler version '192528614'; Build Type 'Release'
OS: 'Windows 10 Home; OS build 19042.1237; Version 2009; 64bit' Language: 'it' Physical Memory: 16191 MB
BatchMode: 1, IsHumanControllingUs: 0, StartBugReporterOnCrash: 0, Is64bit: 1, IsPro: 0

 COMMAND LINE ARGUMENTS:
C:\Program Files\Unity\Editor\Unity.exe
-adb2
-batchMode
-noUpm
-name
AssetImportWorker0
-projectPath
D:/VIDEOS/CORTI/REBIRTH/Rebirth/Progetto Unity/Rebirth
-logFile
Logs/AssetImportWorker0.log
-srvPort
54704
Successfully changed project path to: D:/VIDEOS/CORTI/REBIRTH/Rebirth/Progetto Unity/Rebirth
D:/VIDEOS/CORTI/REBIRTH/Rebirth/Progetto Unity/Rebirth
Using Asset Import Pipeline V2.
Refreshing native plugins compatible for Editor in 50.76 ms, found 1 plugins.
Preloading 0 native plugins for Editor in 0.00 ms.
Initialize engine version: 2020.3.7f1 (dd97f2c94397)
[Subsystems] Discovering subsystems at path C:/Program Files/Unity/Editor/Data/Resources/UnitySubsystems
[Subsystems] Discovering subsystems at path D:/VIDEOS/CORTI/REBIRTH/Rebirth/Progetto Unity/Rebirth/Assets
GfxDevice: creating device client; threaded=0
Direct3D:
    Version:  Direct3D 11.0 [level 11.1]
    Renderer: NVIDIA GeForce GTX 1650 (ID=0x1f91)
    Vendor:   
    VRAM:     3962 MB
    Driver:   30.0.14.7111
Shader 'Universal Render Pipeline/Particles/Lit': fallback shader 'Universal Render Pipeline/Particles/SimpleLit' not found
Initialize mono
Mono path[0] = 'C:/Program Files/Unity/Editor/Data/Managed'
Mono path[1] = 'C:/Program Files/Unity/Editor/Data/MonoBleedingEdge/lib/mono/unityjit'
Mono config path = 'C:/Program Files/Unity/Editor/Data/MonoBleedingEdge/etc'
Using monoOptions --debugger-agent=transport=dt_socket,embedding=1,server=y,suspend=n,address=127.0.0.1:56352
Begin MonoManager ReloadAssembly
Registering precompiled unity dll's ...
Register platform support module: C:/Program Files/Unity/Editor/Data/PlaybackEngines/WindowsStandaloneSupport/UnityEditor.WindowsStandalone.Extensions.dll
Registered in 0.003449 seconds.
Native extension for WindowsStandalone target not found
Refreshing native plugins compatible for Editor in 92.47 ms, found 1 plugins.
Preloading 0 native plugins for Editor in 0.00 ms.
Mono: successfully reloaded assembly
- Completed reload, in  1.624 seconds
Platform modules already initialized, skipping
Registering precompiled user dll's ...
Registered in 0.006162 seconds.
Begin MonoManager ReloadAssembly
Native extension for WindowsStandalone target not found
Refreshing native plugins compatible for Editor in 102.25 ms, found 1 plugins.
Preloading 0 native plugins for Editor in 0.00 ms.
Mono: successfully reloaded assembly
- Completed reload, in  1.724 seconds
Platform modules already initialized, skipping
========================================================================
Worker process is ready to serve import requests
Shader 'Universal Render Pipeline/Particles/Lit': fallback shader 'Universal Render Pipeline/Particles/SimpleLit' not found
Launched and connected shader compiler UnityShaderCompiler.exe after 0.08 seconds
Refreshing native plugins compatible for Editor in 1.05 ms, found 1 plugins.
Preloading 0 native plugins for Editor in 0.00 ms.
Unloading 3102 Unused Serialized files (Serialized files now loaded: 0)
System memory in use before: 152.1 MB.
System memory in use after: 152.3 MB.

Unloading 18 unused Assets to reduce memory usage. Loaded Objects now: 3541.
Total: 4.952300 ms (FindLiveObjects: 0.656300 ms CreateObjectMapping: 0.296400 ms MarkObjects: 3.821100 ms  DeleteObjects: 0.176900 ms)

========================================================================
Received Import Request.
  path: Assets/Skybox.mat
  artifactKey: Guid(f84717a2b45a41d4e9837a3a8369f93d) Importer(815301076,1909f56bfc062723c751e8b465ee728b)
Start importing Assets/Skybox.mat using Guid(f84717a2b45a41d4e9837a3a8369f93d) Importer(815301076,1909f56bfc062723c751e8b465ee728b)  -> (artifact id: '8cb3e80eaa406d19908557d0872e1a11') in 0.224192 seconds
  Import took 0.267779 seconds .

========================================================================
Received Import Request.
  Time since last request: 0.255513 seconds.
  path: Assets/Skybox.mat
  artifactKey: Guid(f84717a2b45a41d4e9837a3a8369f93d) Importer(815301076,1909f56bfc062723c751e8b465ee728b)
Start importing Assets/Skybox.mat using Guid(f84717a2b45a41d4e9837a3a8369f93d) Importer(815301076,1909f56bfc062723c751e8b465ee728b)  -> (artifact id: '8cb3e80eaa406d19908557d0872e1a11') in 0.030589 seconds
  Import took 0.040705 seconds .

========================================================================
Received Prepare
Registering precompiled user dll's ...
Registered in 0.004633 seconds.
Begin MonoManager ReloadAssembly
Native extension for WindowsStandalone target not found
Refreshing native plugins compatible for Editor in 0.94 ms, found 1 plugins.
Preloading 0 native plugins for Editor in 0.00 ms.
Mono: successfully reloaded assembly
- Completed reload, in  1.000 seconds
Platform modules already initialized, skipping
Shader 'Universal Render Pipeline/Particles/Lit': fallback shader 'Universal Render Pipeline/Particles/SimpleLit' not found
Refreshing native plugins compatible for Editor in 0.98 ms, found 1 plugins.
Preloading 0 native plugins for Editor in 0.00 ms.
Unloading 2973 Unused Serialized files (Serialized files now loaded: 0)
System memory in use before: 142.9 MB.
System memory in use after: 143.1 MB.

Unloading 13 unused Assets to reduce memory usage. Loaded Objects now: 3584.
Total: 3.857700 ms (FindLiveObjects: 0.573100 ms CreateObjectMapping: 0.203200 ms MarkObjects: 2.935300 ms  DeleteObjects: 0.144700 ms)

========================================================================
Received Import Request.
  Time since last request: 962.844206 seconds.
  path: Assets/Tilt Exports/Untitled_3.glb
  artifactKey: Guid(a7989a62e323a1845928b8ffcafbc9ec) Importer(815301076,1909f56bfc062723c751e8b465ee728b)
Start importing Assets/Tilt Exports/Untitled_3.glb using Guid(a7989a62e323a1845928b8ffcafbc9ec) Importer(815301076,1909f56bfc062723c751e8b465ee728b)  -> (artifact id: 'bd069ff704fffb929a9a51ab1ade1fc3') in 0.539796 seconds
  Import took 0.904625 seconds .

========================================================================
Received Import Request.
  Time since last request: 0.000591 seconds.
  path: Assets/Tilt Exports/Untitled_12.glb
  artifactKey: Guid(112ffb176ae4efd41a1ff65e4952b21e) Importer(815301076,1909f56bfc062723c751e8b465ee728b)
Start importing Assets/Tilt Exports/Untitled_12.glb using Guid(112ffb176ae4efd41a1ff65e4952b21e) Importer(815301076,1909f56bfc062723c751e8b465ee728b) Shader error in 'Brush/StandardSingleSided': Couldn't open include file '../../../Shaders/Include/Brush.cginc'. at line 38

Compiling Vertex program with DIRECTIONAL LIGHTPROBE_SH
Platform defines: UNITY_ENABLE_REFLECTION_BUFFERS UNITY_USE_DITHER_MASK_FOR_ALPHABLENDED_SHADOWS UNITY_PBS_USE_BRDF1 UNITY_SPECCUBE_BOX_PROJECTION UNITY_SPECCUBE_BLENDING UNITY_ENABLE_DETAIL_NORMALMAP SHADER_API_DESKTOP UNITY_COLORSPACE_GAMMA UNITY_LIGHT_PROBE_PROXY_VOLUME UNITY_LIGHTMAP_FULL_HDR UNITY_PASS_FORWARDBASE
Disabled keywords: AUDIO_REACTIVE TBT_LINEAR_TARGET INSTANCING_ON FOG_LINEAR FOG_EXP FOG_EXP2 SHADOWS_SHADOWMASK DYNAMICLIGHTMAP_ON LIGHTMAP_ON LIGHTMAP_SHADOW_MIXING DIRLIGHTMAP_COMBINED SHADOWS_SCREEN VERTEXLIGHT_ON UNITY_NO_DXT5nm UNITY_ENABLE_NATIVE_SHADOW_LOOKUPS UNITY_METAL_SHADOWS_USE_POINT_FILTERING UNITY_NO_SCREENSPACE_SHADOWS UNITY_PBS_USE_BRDF2 UNITY_PBS_USE_BRDF3 UNITY_NO_FULL_STANDARD_SHADER UNITY_HARDWARE_TIER1 UNITY_HARDWARE_TIER2 UNITY_HARDWARE_TIER3 UNITY_HALF_PRECISION_FRAGMENT_SHADER_REGISTERS UNITY_LIGHTMAP_DLDR_ENCODING UNITY_LIGHTMAP_RGBM_ENCODING UNITY_VIRTUAL_TEXTURING UNITY_PRETRANSFORM_TO_DISPLAY_ORIENTATION UNITY_ASTC_NORMALMAP_ENCODING SHADER_API_GLES30

Shader error in 'Brush/StandardSingleSided': Couldn't open include file '../../../Shaders/Include/Brush.cginc'. at line 38

Compiling Vertex program with DIRECTIONAL LIGHTPROBE_SH
Platform defines: UNITY_ENABLE_REFLECTION_BUFFERS UNITY_USE_DITHER_MASK_FOR_ALPHABLENDED_SHADOWS UNITY_PBS_USE_BRDF1 UNITY_SPECCUBE_BOX_PROJECTION UNITY_SPECCUBE_BLENDING UNITY_ENABLE_DETAIL_NORMALMAP SHADER_API_DESKTOP UNITY_COLORSPACE_GAMMA UNITY_LIGHT_PROBE_PROXY_VOLUME UNITY_LIGHTMAP_FULL_HDR UNITY_PASS_FORWARDBASE
Disabled keywords: AUDIO_REACTIVE TBT_LINEAR_TARGET INSTANCING_ON FOG_LINEAR FOG_EXP FOG_EXP2 SHADOWS_SHADOWMASK DYNAMICLIGHTMAP_ON LIGHTMAP_ON LIGHTMAP_SHADOW_MIXING DIRLIGHTMAP_COMBINED SHADOWS_SCREEN VERTEXLIGHT_ON UNITY_NO_DXT5nm UNITY_ENABLE_NATIVE_SHADOW_LOOKUPS UNITY_METAL_SHADOWS_USE_POINT_FILTERING UNITY_NO_SCREENSPACE_SHADOWS UNITY_PBS_USE_BRDF2 UNITY_PBS_USE_BRDF3 UNITY_NO_FULL_STANDARD_SHADER UNITY_HARDWARE_TIER1 UNITY_HARDWARE_TIER2 UNITY_HARDWARE_TIER3 UNITY_HALF_PRECISION_FRAGMENT_SHADER_REGISTERS UNITY_LIGHTMAP_DLDR_ENCODING UNITY_LIGHTMAP_RGBM_ENCODING UNITY_VIRTUAL_TEXTURING UNITY_PRETRANSFORM_TO_DISPLAY_ORIENTATION UNITY_ASTC_NORMALMAP_ENCODING SHADER_API_GLES30

Shader error in 'Brush/StandardSingleSided': Couldn't open include file '../../../Shaders/Include/Brush.cginc'. at line 38

Compiling Vertex program with DIRECTIONAL LIGHTPROBE_SH
Platform defines: UNITY_ENABLE_REFLECTION_BUFFERS UNITY_USE_DITHER_MASK_FOR_ALPHABLENDED_SHADOWS UNITY_PBS_USE_BRDF1 UNITY_SPECCUBE_BOX_PROJECTION UNITY_SPECCUBE_BLENDING UNITY_ENABLE_DETAIL_NORMALMAP SHADER_API_DESKTOP UNITY_COLORSPACE_GAMMA UNITY_LIGHT_PROBE_PROXY_VOLUME UNITY_LIGHTMAP_FULL_HDR UNITY_PASS_FORWARDBASE
Disabled keywords: AUDIO_REACTIVE TBT_LINEAR_TARGET INSTANCING_ON FOG_LINEAR FOG_EXP FOG_EXP2 SHADOWS_SHADOWMASK DYNAMICLIGHTMAP_ON LIGHTMAP_ON LIGHTMAP_SHADOW_MIXING DIRLIGHTMAP_COMBINED SHADOWS_SCREEN VERTEXLIGHT_ON UNITY_NO_DXT5nm UNITY_ENABLE_NATIVE_SHADOW_LOOKUPS UNITY_METAL_SHADOWS_USE_POINT_FILTERING UNITY_NO_SCREENSPACE_SHADOWS UNITY_PBS_USE_BRDF2 UNITY_PBS_USE_BRDF3 UNITY_NO_FULL_STANDARD_SHADER UNITY_HARDWARE_TIER1 UNITY_HARDWARE_TIER2 UNITY_HARDWARE_TIER3 UNITY_HALF_PRECISION_FRAGMENT_SHADER_REGISTERS UNITY_LIGHTMAP_DLDR_ENCODING UNITY_LIGHTMAP_RGBM_ENCODING UNITY_VIRTUAL_TEXTURING UNITY_PRETRANSFORM_TO_DISPLAY_ORIENTATION UNITY_ASTC_NORMALMAP_ENCODING SHADER_API_GLES30

Shader error in 'Brush/StandardSingleSided': Couldn't open include file '../../../Shaders/Include/Brush.cginc'. at line 38

Compiling Vertex program with DIRECTIONAL LIGHTPROBE_SH
Platform defines: UNITY_ENABLE_REFLECTION_BUFFERS UNITY_USE_DITHER_MASK_FOR_ALPHABLENDED_SHADOWS UNITY_PBS_USE_BRDF1 UNITY_SPECCUBE_BOX_PROJECTION UNITY_SPECCUBE_BLENDING UNITY_ENABLE_DETAIL_NORMALMAP SHADER_API_DESKTOP UNITY_COLORSPACE_GAMMA UNITY_LIGHT_PROBE_PROXY_VOLUME UNITY_LIGHTMAP_FULL_HDR UNITY_PASS_FORWARDBASE
Disabled keywords: AUDIO_REACTIVE TBT_LINEAR_TARGET INSTANCING_ON FOG_LINEAR FOG_EXP FOG_EXP2 SHADOWS_SHADOWMASK DYNAMICLIGHTMAP_ON LIGHTMAP_ON LIGHTMAP_SHADOW_MIXING DIRLIGHTMAP_COMBINED SHADOWS_SCREEN VERTEXLIGHT_ON UNITY_NO_DXT5nm UNITY_ENABLE_NATIVE_SHADOW_LOOKUPS UNITY_METAL_SHADOWS_USE_POINT_FILTERING UNITY_NO_SCREENSPACE_SHADOWS UNITY_PBS_USE_BRDF2 UNITY_PBS_USE_BRDF3 UNITY_NO_FULL_STANDARD_SHADER UNITY_HARDWARE_TIER1 UNITY_HARDWARE_TIER2 UNITY_HARDWARE_TIER3 UNITY_HALF_PRECISION_FRAGMENT_SHADER_REGISTERS UNITY_LIGHTMAP_DLDR_ENCODING UNITY_LIGHTMAP_RGBM_ENCODING UNITY_VIRTUAL_TEXTURING UNITY_PRETRANSFORM_TO_DISPLAY_ORIENTATION UNITY_ASTC_NORMALMAP_ENCODING SHADER_API_GLES30

 -> (artifact id: '61150455582cde2241ef21cc8da8b273') in 0.478697 seconds
  Import took 0.533025 seconds .

========================================================================
Received Import Request.
  Time since last request: 0.000429 seconds.
  path: Assets/Tilt Exports/Untitled_6.glb
  artifactKey: Guid(4f3a5d2a84c727d41bd303a93eb52e09) Importer(815301076,1909f56bfc062723c751e8b465ee728b)
Start importing Assets/Tilt Exports/Untitled_6.glb using Guid(4f3a5d2a84c727d41bd303a93eb52e09) Importer(815301076,1909f56bfc062723c751e8b465ee728b)  -> (artifact id: 'f23be29c20fa8ef17292530845a32b83') in 0.303890 seconds
  Import took 0.375224 seconds .

========================================================================
Received Import Request.
  Time since last request: 0.000436 seconds.
  path: Assets/Tilt Exports/Untitled_16.glb
  artifactKey: Guid(a7bc823bcabf2584d866d9c98c392388) Importer(815301076,1909f56bfc062723c751e8b465ee728b)
Start importing Assets/Tilt Exports/Untitled_16.glb using Guid(a7bc823bcabf2584d866d9c98c392388) Importer(815301076,1909f56bfc062723c751e8b465ee728b)  -> (artifact id: '2fd769da83f317f5f375a11fc2dcceb2') in 0.243954 seconds
  Import took 0.282159 seconds .

========================================================================
Received Import Request.
  Time since last request: 0.000359 seconds.
  path: Assets/Tilt Exports/Untitled_10.glb
  artifactKey: Guid(a8b515a2afea4c34080fc4f179822d52) Importer(815301076,1909f56bfc062723c751e8b465ee728b)
Start importing Assets/Tilt Exports/Untitled_10.glb using Guid(a8b515a2afea4c34080fc4f179822d52) Importer(815301076,1909f56bfc062723c751e8b465ee728b)  -> (artifact id: 'c45b9f2d1161c5ee9dfa6e5a4fa7ea1d') in 0.316515 seconds
  Import took 0.385365 seconds .

========================================================================
Received Import Request.
  Time since last request: 0.000434 seconds.
  path: Assets/Tilt Exports/Untitled_7.glb
  artifactKey: Guid(88d7eb934eaded446ba2c994b42c1345) Importer(815301076,1909f56bfc062723c751e8b465ee728b)
Start importing Assets/Tilt Exports/Untitled_7.glb using Guid(88d7eb934eaded446ba2c994b42c1345) Importer(815301076,1909f56bfc062723c751e8b465ee728b)  -> (artifact id: 'bc5f9e5abfa75174da61a19b4dac8a5d') in 0.387018 seconds
  Import took 0.468772 seconds .

========================================================================
Received Import Request.
  Time since last request: 0.000347 seconds.
  path: Assets/Tilt Exports/Untitled_15.glb
  artifactKey: Guid(d377ad74db5955644a1657cf44843852) Importer(815301076,1909f56bfc062723c751e8b465ee728b)
Start importing Assets/Tilt Exports/Untitled_15.glb using Guid(d377ad74db5955644a1657cf44843852) Importer(815301076,1909f56bfc062723c751e8b465ee728b)  -> (artifact id: 'd87cfef66fec028a9bb9401316f8cef1') in 0.291970 seconds
  Import took 0.322058 seconds .

AssetImportWorkerClient::OnTransportError - code=2 error=End of file
