Using pre-set license
Built from '2020.3/release' branch; Version is '2020.3.7f1 (dd97f2c94397) revision 14522354'; Using compiler version '192528614'; Build Type 'Release'
OS: 'Windows 10 Home; OS build 19043.1237; Version 2009; 64bit' Language: 'it' Physical Memory: 8034 MB
BatchMode: 1, IsHumanControllingUs: 0, StartBugReporterOnCrash: 0, Is64bit: 1, IsPro: 0

 COMMAND LINE ARGUMENTS:
C:\Program Files\Unity\Hub\Editor\2020.3.7f1\Editor\Unity.exe
-adb2
-batchMode
-noUpm
-name
AssetImportWorker0
-projectPath
C:/Users/matti/Desktop/SarahBowyer/SARA B.mostra virtuale/40in40enamostravirtuale/RebirthTIltBrush
-logFile
Logs/AssetImportWorker0.log
-srvPort
50696
Successfully changed project path to: C:/Users/matti/Desktop/SarahBowyer/SARA B.mostra virtuale/40in40enamostravirtuale/RebirthTIltBrush
C:/Users/matti/Desktop/SarahBowyer/SARA B.mostra virtuale/40in40enamostravirtuale/RebirthTIltBrush
Using Asset Import Pipeline V2.
Refreshing native plugins compatible for Editor in 67.07 ms, found 9 plugins.
Preloading 2 native plugins for Editor in 3.79 ms.
Initialize engine version: 2020.3.7f1 (dd97f2c94397)
[Subsystems] Discovering subsystems at path C:/Program Files/Unity/Hub/Editor/2020.3.7f1/Editor/Data/Resources/UnitySubsystems
[Subsystems] Discovering subsystems at path C:/Users/matti/Desktop/SarahBowyer/SARA B.mostra virtuale/40in40enamostravirtuale/RebirthTIltBrush/Assets
GfxDevice: creating device client; threaded=0
Direct3D:
    Version:  Direct3D 11.0 [level 11.1]
    Renderer: NVIDIA GeForce GTX 1650 with Max-Q Design (ID=0x1f91)
    Vendor:   
    VRAM:     3962 MB
    Driver:   30.0.14.7168
Initialize mono
Mono path[0] = 'C:/Program Files/Unity/Hub/Editor/2020.3.7f1/Editor/Data/Managed'
Mono path[1] = 'C:/Program Files/Unity/Hub/Editor/2020.3.7f1/Editor/Data/MonoBleedingEdge/lib/mono/unityjit'
Mono config path = 'C:/Program Files/Unity/Hub/Editor/2020.3.7f1/Editor/Data/MonoBleedingEdge/etc'
Using monoOptions --debugger-agent=transport=dt_socket,embedding=1,server=y,suspend=n,address=127.0.0.1:56280
Begin MonoManager ReloadAssembly
Registering precompiled unity dll's ...
Register platform support module: C:/Program Files/Unity/Hub/Editor/2020.3.7f1/Editor/Data/PlaybackEngines/WindowsStandaloneSupport/UnityEditor.WindowsStandalone.Extensions.dll
Registered in 0.003495 seconds.
Native extension for WindowsStandalone target not found
Refreshing native plugins compatible for Editor in 35.08 ms, found 9 plugins.
Preloading 2 native plugins for Editor in 0.33 ms.
Mono: successfully reloaded assembly
- Completed reload, in  5.543 seconds
Platform modules already initialized, skipping
Registering precompiled user dll's ...
Registered in 0.012724 seconds.
Begin MonoManager ReloadAssembly
Native extension for WindowsStandalone target not found
Refreshing native plugins compatible for Editor in 0.52 ms, found 9 plugins.
Preloading 2 native plugins for Editor in 0.21 ms.
[XR] OculusXRPlugin: registering subsystems
[XR] Unable to register display lifecyle provider: [1]
[XR] Oculus Input lifecycle provider registered.
[XR] Unable to register input lifecyle provider: [1]
NullReferenceException: Object reference not set to an instance of an object
  at Unity.XR.Oculus.OculusLoader.AssetPathToAbsolutePath (System.String assetPath) [0x00048] in C:\Users\matti\Desktop\SarahBowyer\SARA B.mostra virtuale\40in40enamostravirtuale\RebirthTIltBrush\Library\PackageCache\com.unity.xr.oculus@1.9.0\Runtime\OculusLoader.cs:249 
  at Unity.XR.Oculus.OculusLoader.EditorLoadOVRPlugin () [0x0007b] in C:\Users\matti\Desktop\SarahBowyer\SARA B.mostra virtuale\40in40enamostravirtuale\RebirthTIltBrush\Library\PackageCache\com.unity.xr.oculus@1.9.0\Runtime\OculusLoader.cs:234 

(Filename: Library/PackageCache/com.unity.xr.oculus@1.9.0/Runtime/OculusLoader.cs Line: 249)

Mono: successfully reloaded assembly
- Completed reload, in  1.105 seconds
Platform modules already initialized, skipping
========================================================================
Worker process is ready to serve import requests
Launched and connected shader compiler UnityShaderCompiler.exe after 0.09 seconds
Refreshing native plugins compatible for Editor in 2.43 ms, found 9 plugins.
Preloading 2 native plugins for Editor in 0.33 ms.
Unloading 1576 Unused Serialized files (Serialized files now loaded: 0)
System memory in use before: 71.0 MB.
System memory in use after: 45.9 MB.

Unloading 12 unused Assets to reduce memory usage. Loaded Objects now: 2018.
Total: 4.825400 ms (FindLiveObjects: 0.464900 ms CreateObjectMapping: 0.190100 ms MarkObjects: 4.082500 ms  DeleteObjects: 0.086000 ms)

========================================================================
Received Import Request.
  path: Assets/ExampleAssets
  artifactKey: Guid(83b7bbecd9fac4db9824039903a1eea8) Importer(815301076,1909f56bfc062723c751e8b465ee728b)
Start importing Assets/ExampleAssets using Guid(83b7bbecd9fac4db9824039903a1eea8) Importer(815301076,1909f56bfc062723c751e8b465ee728b)  -> (artifact id: 'a8627c577ed824e6a530c9ea746f7755') in 0.008562 seconds
  Import took 0.016273 seconds .

========================================================================
Received Import Request.
  Time since last request: 0.000742 seconds.
  path: Assets/ExampleAssets/Models/XRControllerLeft.fbx
  artifactKey: Guid(e48d18018a0ba46c283d9fd9c227e578) Importer(815301076,1909f56bfc062723c751e8b465ee728b)
Start importing Assets/ExampleAssets/Models/XRControllerLeft.fbx using Guid(e48d18018a0ba46c283d9fd9c227e578) Importer(815301076,1909f56bfc062723c751e8b465ee728b)  -> (artifact id: 'cc808057bf74fdea934e4c93b86786c2') in 0.677633 seconds
  Import took 0.684150 seconds .

========================================================================
Received Import Request.
  Time since last request: 0.000477 seconds.
  path: Assets/ExampleAssets/Models
  artifactKey: Guid(4a0dd92c4753243b18b4100cf4991b5b) Importer(815301076,1909f56bfc062723c751e8b465ee728b)
Start importing Assets/ExampleAssets/Models using Guid(4a0dd92c4753243b18b4100cf4991b5b) Importer(815301076,1909f56bfc062723c751e8b465ee728b)  -> (artifact id: '4245bcff90da3a10d4aff52d956ff776') in 0.003657 seconds
  Import took 0.009744 seconds .

========================================================================
Received Import Request.
  Time since last request: 0.000421 seconds.
  path: Assets/ExampleAssets/Models/XRControllerRight.fbx
  artifactKey: Guid(2d10b9b89f2474de9800b152c3d00004) Importer(815301076,1909f56bfc062723c751e8b465ee728b)
Start importing Assets/ExampleAssets/Models/XRControllerRight.fbx using Guid(2d10b9b89f2474de9800b152c3d00004) Importer(815301076,1909f56bfc062723c751e8b465ee728b)  -> (artifact id: '843da2031f7a03b1f3aea16b1e444517') in 0.124424 seconds
  Import took 0.130648 seconds .

========================================================================
Received Import Request.
  Time since last request: 20.821661 seconds.
  path: Assets/Scenes
  artifactKey: Guid(0cc1b79de78bc4991892d4d342d7211a) Importer(815301076,1909f56bfc062723c751e8b465ee728b)
Start importing Assets/Scenes using Guid(0cc1b79de78bc4991892d4d342d7211a) Importer(815301076,1909f56bfc062723c751e8b465ee728b)  -> (artifact id: '88e15532e2ab87092a48c1db04ae6d12') in 0.003685 seconds
  Import took 0.009984 seconds .

========================================================================
Received Import Request.
  Time since last request: 1.192445 seconds.
  path: Assets/Scenes/SampleScene.unity
  artifactKey: Guid(9fc0d4010bbf28b4594072e72b8655ab) Importer(815301076,1909f56bfc062723c751e8b465ee728b)
Start importing Assets/Scenes/SampleScene.unity using Guid(9fc0d4010bbf28b4594072e72b8655ab) Importer(815301076,1909f56bfc062723c751e8b465ee728b)  -> (artifact id: '4da8edd5aa0aba071f3bcc7f3f6fb072') in 0.005059 seconds
  Import took 0.011044 seconds .

========================================================================
Received Import Request.
  Time since last request: 3.835243 seconds.
  path: Assets/Scenes/SampleScene.unity
  artifactKey: Guid(9fc0d4010bbf28b4594072e72b8655ab) Importer(815301076,1909f56bfc062723c751e8b465ee728b)
Start importing Assets/Scenes/SampleScene.unity using Guid(9fc0d4010bbf28b4594072e72b8655ab) Importer(815301076,1909f56bfc062723c751e8b465ee728b)  -> (artifact id: 'e4e53f1c1a169d00095bc9019ebd55e3') in 0.003749 seconds
  Import took 0.008884 seconds .

========================================================================
Received Import Request.
  Time since last request: 4.089937 seconds.
  path: Assets/Scenes/SampleSceneSettings.lighting
  artifactKey: Guid(3bcc3277f21ec5041bf33ad1276d79a7) Importer(815301076,1909f56bfc062723c751e8b465ee728b)
Start importing Assets/Scenes/SampleSceneSettings.lighting using Guid(3bcc3277f21ec5041bf33ad1276d79a7) Importer(815301076,1909f56bfc062723c751e8b465ee728b)  -> (artifact id: '10de0896226bf6d2c9ed8f69b2c20098') in 0.006194 seconds
  Import took 0.011814 seconds .

========================================================================
Received Import Request.
  Time since last request: 0.008077 seconds.
  path: Assets/Scenes/SampleSceneSettings.lighting
  artifactKey: Guid(3bcc3277f21ec5041bf33ad1276d79a7) Importer(815301076,1909f56bfc062723c751e8b465ee728b)
Start importing Assets/Scenes/SampleSceneSettings.lighting using Guid(3bcc3277f21ec5041bf33ad1276d79a7) Importer(815301076,1909f56bfc062723c751e8b465ee728b)  -> (artifact id: '10de0896226bf6d2c9ed8f69b2c20098') in 0.003570 seconds
  Import took 0.009807 seconds .

========================================================================
Received Import Request.
  Time since last request: 6.511131 seconds.
  path: Assets/XR
  artifactKey: Guid(22baeac49dfd54025859cd02808b06f8) Importer(815301076,1909f56bfc062723c751e8b465ee728b)
Start importing Assets/XR using Guid(22baeac49dfd54025859cd02808b06f8) Importer(815301076,1909f56bfc062723c751e8b465ee728b)  -> (artifact id: '3933152297759d564e35c62576cd8b29') in 0.005275 seconds
  Import took 0.011183 seconds .

========================================================================
Received Import Request.
  Time since last request: 0.054195 seconds.
  path: Assets/XR/XRGeneralSettings.asset
  artifactKey: Guid(1a4c68ca72a83449f938d669337cb305) Importer(815301076,1909f56bfc062723c751e8b465ee728b)
Start importing Assets/XR/XRGeneralSettings.asset using Guid(1a4c68ca72a83449f938d669337cb305) Importer(815301076,1909f56bfc062723c751e8b465ee728b)  -> (artifact id: 'ce759c068d71d854192c45734fe708a9') in 0.013118 seconds
  Import took 0.019633 seconds .

========================================================================
Received Import Request.
  Time since last request: 4.567023 seconds.
  path: Assets
  artifactKey: Guid(00000000000000001000000000000000) Importer(815301076,1909f56bfc062723c751e8b465ee728b)
Start importing Assets using Guid(00000000000000001000000000000000) Importer(815301076,1909f56bfc062723c751e8b465ee728b)  -> (artifact id: '74eb945fd64f55e1891cf657b5927e12') in 0.004108 seconds
  Import took 0.009985 seconds .

========================================================================
Received Import Request.
  Time since last request: 0.005108 seconds.
  path: Assets
  artifactKey: Guid(00000000000000001000000000000000) Importer(815301076,1909f56bfc062723c751e8b465ee728b)
Start importing Assets using Guid(00000000000000001000000000000000) Importer(815301076,1909f56bfc062723c751e8b465ee728b)  -> (artifact id: '74eb945fd64f55e1891cf657b5927e12') in 0.003686 seconds
  Import took 0.035759 seconds .

========================================================================
Received Import Request.
  Time since last request: 22.086555 seconds.
  path: Assets/RebirthModel
  artifactKey: Guid(2a38de99e4d76c64e9c66744ec6e94ca) Importer(815301076,1909f56bfc062723c751e8b465ee728b)
Start importing Assets/RebirthModel using Guid(2a38de99e4d76c64e9c66744ec6e94ca) Importer(815301076,1909f56bfc062723c751e8b465ee728b)  -> (artifact id: 'a934d8c061ddc031bcc9185076111ccc') in 0.004712 seconds
  Import took 0.011603 seconds .

========================================================================
Received Import Request.
  Time since last request: 134.653004 seconds.
  path: Assets/RebirthModel/Sketches
  artifactKey: Guid(1d898134dcb71c946857173c4367c1e3) Importer(815301076,1909f56bfc062723c751e8b465ee728b)
Start importing Assets/RebirthModel/Sketches using Guid(1d898134dcb71c946857173c4367c1e3) Importer(815301076,1909f56bfc062723c751e8b465ee728b)  -> (artifact id: '49ee0cbbe714f0648a6aa830c5a3db29') in 0.003397 seconds
  Import took 0.008234 seconds .

========================================================================
Received Import Request.
  Time since last request: 3.157010 seconds.
  path: Assets/RebirthModel/Sketches/Untitled_16.tilt
  artifactKey: Guid(b7bf9fe06a276474c8d7d1b0aeeafa85) Importer(815301076,1909f56bfc062723c751e8b465ee728b)
Start importing Assets/RebirthModel/Sketches/Untitled_16.tilt using Guid(b7bf9fe06a276474c8d7d1b0aeeafa85) Importer(815301076,1909f56bfc062723c751e8b465ee728b)  -> (artifact id: '134e4ac6c1c24dc26a4da6dec42a19ce') in 0.005541 seconds
  Import took 0.012320 seconds .

========================================================================
Received Import Request.
  Time since last request: 0.002246 seconds.
  path: Assets/RebirthModel/Sketches/Untitled_16.tilt
  artifactKey: Guid(b7bf9fe06a276474c8d7d1b0aeeafa85) Importer(815301076,1909f56bfc062723c751e8b465ee728b)
Start importing Assets/RebirthModel/Sketches/Untitled_16.tilt using Guid(b7bf9fe06a276474c8d7d1b0aeeafa85) Importer(815301076,1909f56bfc062723c751e8b465ee728b)  -> (artifact id: '134e4ac6c1c24dc26a4da6dec42a19ce') in 0.003841 seconds
  Import took 0.009403 seconds .

========================================================================
Received Import Request.
  Time since last request: 1.149720 seconds.
  path: Assets/RebirthModel/Sketches/Untitled_0.tilt
  artifactKey: Guid(512cbe36a4e19ad4597782f79b0d94d6) Importer(815301076,1909f56bfc062723c751e8b465ee728b)
Start importing Assets/RebirthModel/Sketches/Untitled_0.tilt using Guid(512cbe36a4e19ad4597782f79b0d94d6) Importer(815301076,1909f56bfc062723c751e8b465ee728b)  -> (artifact id: '871838308d22c50c0cfefeebbfdf8621') in 0.003800 seconds
  Import took 0.010181 seconds .

========================================================================
Received Import Request.
  Time since last request: 0.002051 seconds.
  path: Assets/RebirthModel/Sketches/Untitled_0.tilt
  artifactKey: Guid(512cbe36a4e19ad4597782f79b0d94d6) Importer(815301076,1909f56bfc062723c751e8b465ee728b)
Start importing Assets/RebirthModel/Sketches/Untitled_0.tilt using Guid(512cbe36a4e19ad4597782f79b0d94d6) Importer(815301076,1909f56bfc062723c751e8b465ee728b)  -> (artifact id: '871838308d22c50c0cfefeebbfdf8621') in 0.004174 seconds
  Import took 0.010291 seconds .

========================================================================
Received Import Request.
  Time since last request: 0.845403 seconds.
  path: Assets/RebirthModel/Sketches/Untitled_13.tilt
  artifactKey: Guid(6d58a9e7024ff7c4190b738e8698005d) Importer(815301076,1909f56bfc062723c751e8b465ee728b)
Start importing Assets/RebirthModel/Sketches/Untitled_13.tilt using Guid(6d58a9e7024ff7c4190b738e8698005d) Importer(815301076,1909f56bfc062723c751e8b465ee728b)  -> (artifact id: '461b9c638dcf06c0550776385e59e787') in 0.003629 seconds
  Import took 0.009012 seconds .

AssetImportWorkerClient::OnTransportError - code=2 error=End of file
