Using pre-set license
Built from '2020.3/release' branch; Version is '2020.3.7f1 (dd97f2c94397) revision 14522354'; Using compiler version '192528614'; Build Type 'Release'
OS: 'Windows 10 Home; OS build 19043.1237; Version 2009; 64bit' Language: 'it' Physical Memory: 8034 MB
BatchMode: 1, IsHumanControllingUs: 0, StartBugReporterOnCrash: 0, Is64bit: 1, IsPro: 0

 COMMAND LINE ARGUMENTS:
C:\Program Files\Unity\Hub\Editor\2020.3.7f1\Editor\Unity.exe
-adb2
-batchMode
-noUpm
-name
AssetImportWorker0
-projectPath
C:/Users/matti/Documents/Rebirth_GithubRepository/Rebirth/Export Da Tiltbrush/Progetto Unity/RebirthTiltBrush_2
-logFile
Logs/AssetImportWorker0.log
-srvPort
57789
Successfully changed project path to: C:/Users/matti/Documents/Rebirth_GithubRepository/Rebirth/Export Da Tiltbrush/Progetto Unity/RebirthTiltBrush_2
C:/Users/matti/Documents/Rebirth_GithubRepository/Rebirth/Export Da Tiltbrush/Progetto Unity/RebirthTiltBrush_2
Using Asset Import Pipeline V2.
Refreshing native plugins compatible for Editor in 43.19 ms, found 9 plugins.
Preloading 2 native plugins for Editor in 1.56 ms.
Initialize engine version: 2020.3.7f1 (dd97f2c94397)
[Subsystems] Discovering subsystems at path C:/Program Files/Unity/Hub/Editor/2020.3.7f1/Editor/Data/Resources/UnitySubsystems
[Subsystems] Discovering subsystems at path C:/Users/matti/Documents/Rebirth_GithubRepository/Rebirth/Export Da Tiltbrush/Progetto Unity/RebirthTiltBrush_2/Assets
GfxDevice: creating device client; threaded=0
Direct3D:
    Version:  Direct3D 11.0 [level 11.1]
    Renderer: NVIDIA GeForce GTX 1650 with Max-Q Design (ID=0x1f91)
    Vendor:   
    VRAM:     3962 MB
    Driver:   30.0.14.7168
Initialize mono
Mono path[0] = 'C:/Program Files/Unity/Hub/Editor/2020.3.7f1/Editor/Data/Managed'
Mono path[1] = 'C:/Program Files/Unity/Hub/Editor/2020.3.7f1/Editor/Data/MonoBleedingEdge/lib/mono/unityjit'
Mono config path = 'C:/Program Files/Unity/Hub/Editor/2020.3.7f1/Editor/Data/MonoBleedingEdge/etc'
Using monoOptions --debugger-agent=transport=dt_socket,embedding=1,server=y,suspend=n,address=127.0.0.1:56148
Begin MonoManager ReloadAssembly
Registering precompiled unity dll's ...
Register platform support module: C:/Program Files/Unity/Hub/Editor/2020.3.7f1/Editor/Data/PlaybackEngines/WindowsStandaloneSupport/UnityEditor.WindowsStandalone.Extensions.dll
Registered in 0.002664 seconds.
Native extension for WindowsStandalone target not found
Refreshing native plugins compatible for Editor in 32.34 ms, found 9 plugins.
Preloading 2 native plugins for Editor in 0.19 ms.
Mono: successfully reloaded assembly
- Completed reload, in  1.233 seconds
Platform modules already initialized, skipping
Registering precompiled user dll's ...
Registered in 0.006769 seconds.
Begin MonoManager ReloadAssembly
Native extension for WindowsStandalone target not found
Refreshing native plugins compatible for Editor in 0.46 ms, found 9 plugins.
Preloading 2 native plugins for Editor in 0.19 ms.
[XR] OculusXRPlugin: registering subsystems
[XR] Unable to register display lifecyle provider: [1]
[XR] Oculus Input lifecycle provider registered.
[XR] Unable to register input lifecyle provider: [1]
NullReferenceException: Object reference not set to an instance of an object
  at Unity.XR.Oculus.OculusLoader.AssetPathToAbsolutePath (System.String assetPath) [0x00048] in C:\Users\matti\Documents\Rebirth_GithubRepository\Rebirth\Export Da Tiltbrush\Progetto Unity\RebirthTiltBrush_2\Library\PackageCache\com.unity.xr.oculus@1.9.0\Runtime\OculusLoader.cs:249 
  at Unity.XR.Oculus.OculusLoader.EditorLoadOVRPlugin () [0x0007b] in C:\Users\matti\Documents\Rebirth_GithubRepository\Rebirth\Export Da Tiltbrush\Progetto Unity\RebirthTiltBrush_2\Library\PackageCache\com.unity.xr.oculus@1.9.0\Runtime\OculusLoader.cs:234 

(Filename: Library/PackageCache/com.unity.xr.oculus@1.9.0/Runtime/OculusLoader.cs Line: 249)

Mono: successfully reloaded assembly
- Completed reload, in  0.796 seconds
Platform modules already initialized, skipping
========================================================================
Worker process is ready to serve import requests
Launched and connected shader compiler UnityShaderCompiler.exe after 0.04 seconds
Refreshing native plugins compatible for Editor in 0.43 ms, found 9 plugins.
Preloading 2 native plugins for Editor in 0.16 ms.
Unloading 1576 Unused Serialized files (Serialized files now loaded: 0)
System memory in use before: 71.0 MB.
System memory in use after: 45.8 MB.

Unloading 12 unused Assets to reduce memory usage. Loaded Objects now: 2018.
Total: 3.035700 ms (FindLiveObjects: 0.192500 ms CreateObjectMapping: 0.058500 ms MarkObjects: 2.714100 ms  DeleteObjects: 0.069600 ms)

========================================================================
Received Import Request.
  path: Assets/Scenes
  artifactKey: Guid(0cc1b79de78bc4991892d4d342d7211a) Importer(815301076,1909f56bfc062723c751e8b465ee728b)
Start importing Assets/Scenes using Guid(0cc1b79de78bc4991892d4d342d7211a) Importer(815301076,1909f56bfc062723c751e8b465ee728b)  -> (artifact id: '88e15532e2ab87092a48c1db04ae6d12') in 0.006446 seconds
  Import took 0.010959 seconds .

========================================================================
Received Import Request.
  Time since last request: 3.734344 seconds.
  path: Assets
  artifactKey: Guid(00000000000000001000000000000000) Importer(815301076,1909f56bfc062723c751e8b465ee728b)
Start importing Assets using Guid(00000000000000001000000000000000) Importer(815301076,1909f56bfc062723c751e8b465ee728b)  -> (artifact id: '74eb945fd64f55e1891cf657b5927e12') in 0.004967 seconds
  Import took 0.009610 seconds .

========================================================================
Received Import Request.
  Time since last request: 9.085773 seconds.
  path: Assets/Rebirth
  artifactKey: Guid(776e5b57cfe144c41a312d30ef4c4a7a) Importer(815301076,1909f56bfc062723c751e8b465ee728b)
Start importing Assets/Rebirth using Guid(776e5b57cfe144c41a312d30ef4c4a7a) Importer(815301076,1909f56bfc062723c751e8b465ee728b)  -> (artifact id: '20f5f8b8ff5aee951ee2d00bc7e18d23') in 0.004590 seconds
  Import took 0.009305 seconds .

========================================================================
Received Import Request.
  Time since last request: 8.532890 seconds.
  path: Assets/Rebirth/glb
  artifactKey: Guid(1e548286ed070f54da2510194b2fccc9) Importer(815301076,1909f56bfc062723c751e8b465ee728b)
Start importing Assets/Rebirth/glb using Guid(1e548286ed070f54da2510194b2fccc9) Importer(815301076,1909f56bfc062723c751e8b465ee728b)  -> (artifact id: 'b8bd88601f400db95319a1b499f5c0ef') in 0.003670 seconds
  Import took 0.009062 seconds .

========================================================================
Received Import Request.
  Time since last request: 6.880915 seconds.
  path: Assets/Rebirth/fbx
  artifactKey: Guid(1a8def1422fe9814faff2bb81c00708c) Importer(815301076,1909f56bfc062723c751e8b465ee728b)
Start importing Assets/Rebirth/fbx using Guid(1a8def1422fe9814faff2bb81c00708c) Importer(815301076,1909f56bfc062723c751e8b465ee728b)  -> (artifact id: '2c6164751dbf53b442ba7e67faa0f3b9') in 0.004197 seconds
  Import took 0.009582 seconds .

========================================================================
Received Import Request.
  Time since last request: 0.005162 seconds.
  path: Assets/Rebirth/fbx
  artifactKey: Guid(1a8def1422fe9814faff2bb81c00708c) Importer(815301076,1909f56bfc062723c751e8b465ee728b)
Start importing Assets/Rebirth/fbx using Guid(1a8def1422fe9814faff2bb81c00708c) Importer(815301076,1909f56bfc062723c751e8b465ee728b)  -> (artifact id: '2c6164751dbf53b442ba7e67faa0f3b9') in 0.003742 seconds
  Import took 0.008846 seconds .

========================================================================
Received Import Request.
  Time since last request: 82.803433 seconds.
  path: Assets/Rebirth/glb/Untitled_0-busto-bacino-sbagliato-se-serve-collegamento
  artifactKey: Guid(8b2595292407a974fb4417a674ac760d) Importer(815301076,1909f56bfc062723c751e8b465ee728b)
Start importing Assets/Rebirth/glb/Untitled_0-busto-bacino-sbagliato-se-serve-collegamento using Guid(8b2595292407a974fb4417a674ac760d) Importer(815301076,1909f56bfc062723c751e8b465ee728b)  -> (artifact id: 'ca8191194b57db6b8f2167ab15cd9333') in 0.003562 seconds
  Import took 0.008901 seconds .

========================================================================
Received Import Request.
  Time since last request: 0.054501 seconds.
  path: Assets/Rebirth/glb/Untitled_0-busto-bacino-sbagliato-se-serve-collegamento/Untitled_0_00.gif
  artifactKey: Guid(3a38face03fb8f246ae1fc08b7a06914) Importer(815301076,1909f56bfc062723c751e8b465ee728b)
Start importing Assets/Rebirth/glb/Untitled_0-busto-bacino-sbagliato-se-serve-collegamento/Untitled_0_00.gif using Guid(3a38face03fb8f246ae1fc08b7a06914) Importer(815301076,1909f56bfc062723c751e8b465ee728b)  -> (artifact id: 'c4c6e1a3cd4ec8425209032e41e80ffe') in 0.069391 seconds
  Import took 0.073453 seconds .

========================================================================
Received Import Request.
  Time since last request: 1.841739 seconds.
  path: Assets/Rebirth/glb/Untitled_0-busto-bacino-sbagliato-se-serve-collegamento/glb
  artifactKey: Guid(be37248f098b8204b8cfc738d82a3dc6) Importer(815301076,1909f56bfc062723c751e8b465ee728b)
Start importing Assets/Rebirth/glb/Untitled_0-busto-bacino-sbagliato-se-serve-collegamento/glb using Guid(be37248f098b8204b8cfc738d82a3dc6) Importer(815301076,1909f56bfc062723c751e8b465ee728b)  -> (artifact id: 'f00fd2e515f255578ec818347eb2ed1a') in 0.004020 seconds
  Import took 0.010338 seconds .

========================================================================
Received Prepare
Registering precompiled user dll's ...
Registered in 0.013714 seconds.
Begin MonoManager ReloadAssembly
Native extension for WindowsStandalone target not found
Refreshing native plugins compatible for Editor in 72.79 ms, found 9 plugins.
Preloading 2 native plugins for Editor in 0.28 ms.
NullReferenceException: Object reference not set to an instance of an object
  at Unity.XR.Oculus.OculusLoader.AssetPathToAbsolutePath (System.String assetPath) [0x00048] in C:\Users\matti\Documents\Rebirth_GithubRepository\Rebirth\Export Da Tiltbrush\Progetto Unity\RebirthTiltBrush_2\Library\PackageCache\com.unity.xr.oculus@1.9.0\Runtime\OculusLoader.cs:249 
  at Unity.XR.Oculus.OculusLoader.EditorLoadOVRPlugin () [0x0007b] in C:\Users\matti\Documents\Rebirth_GithubRepository\Rebirth\Export Da Tiltbrush\Progetto Unity\RebirthTiltBrush_2\Library\PackageCache\com.unity.xr.oculus@1.9.0\Runtime\OculusLoader.cs:234 

(Filename: Library/PackageCache/com.unity.xr.oculus@1.9.0/Runtime/OculusLoader.cs Line: 249)

Mono: successfully reloaded assembly
- Completed reload, in  1.892 seconds
Platform modules already initialized, skipping
Shader 'Brush/Special/CelVinyl': fallback shader 'Unlit/Diffuse' not found
Shader 'Brush/Special/Unlit': fallback shader 'Unlit/Diffuse' not found
Refreshing native plugins compatible for Editor in 0.51 ms, found 9 plugins.
Preloading 2 native plugins for Editor in 0.15 ms.
Unloading 1682 Unused Serialized files (Serialized files now loaded: 0)
System memory in use before: 90.1 MB.
System memory in use after: 79.0 MB.

Unloading 58 unused Assets to reduce memory usage. Loaded Objects now: 2116.
Total: 5.961200 ms (FindLiveObjects: 0.168400 ms CreateObjectMapping: 0.054200 ms MarkObjects: 1.480400 ms  DeleteObjects: 4.257200 ms)

========================================================================
Received Import Request.
  Time since last request: 110.744268 seconds.
  path: Assets/Rebirth/glb/Untitled_3-faccia-occhi-no-peli
  artifactKey: Guid(11fb6e7fb814293438996f32f8cb52eb) Importer(815301076,1909f56bfc062723c751e8b465ee728b)
Start importing Assets/Rebirth/glb/Untitled_3-faccia-occhi-no-peli using Guid(11fb6e7fb814293438996f32f8cb52eb) Importer(815301076,1909f56bfc062723c751e8b465ee728b)  -> (artifact id: '21fa5a43d675087507a5bd3abade3e57') in 0.007274 seconds
  Import took 0.013850 seconds .

========================================================================
Received Import Request.
  Time since last request: 0.106768 seconds.
  path: Assets/Rebirth/glb/Untitled_3-faccia-occhi-no-peli/Untitled_3_00.gif
  artifactKey: Guid(316e3211c3fac064bbd72329e3989dd5) Importer(815301076,1909f56bfc062723c751e8b465ee728b)
Start importing Assets/Rebirth/glb/Untitled_3-faccia-occhi-no-peli/Untitled_3_00.gif using Guid(316e3211c3fac064bbd72329e3989dd5) Importer(815301076,1909f56bfc062723c751e8b465ee728b)  -> (artifact id: '4898f9e20f8b89a322acfcb2ef19e91a') in 0.041089 seconds
  Import took 0.047324 seconds .

========================================================================
Received Import Request.
  Time since last request: 1.008328 seconds.
  path: Assets/Rebirth/glb/Untitled_3-faccia-occhi-no-peli/glb
  artifactKey: Guid(30e794cb57e5c1242a059c5d7c7b45c5) Importer(815301076,1909f56bfc062723c751e8b465ee728b)
Start importing Assets/Rebirth/glb/Untitled_3-faccia-occhi-no-peli/glb using Guid(30e794cb57e5c1242a059c5d7c7b45c5) Importer(815301076,1909f56bfc062723c751e8b465ee728b)  -> (artifact id: 'db1ffa79fafd1eb17f35fbf3f008cc05') in 0.003305 seconds
  Import took 0.009650 seconds .

========================================================================
Received Import Request.
  Time since last request: 0.020923 seconds.
  path: Assets/Rebirth/glb/Untitled_3-faccia-occhi-no-peli/glb/Untitled_3.glb
  artifactKey: Guid(edbd941076b993b48b325ef74959738c) Importer(815301076,1909f56bfc062723c751e8b465ee728b)
Start importing Assets/Rebirth/glb/Untitled_3-faccia-occhi-no-peli/glb/Untitled_3.glb using Guid(edbd941076b993b48b325ef74959738c) Importer(815301076,1909f56bfc062723c751e8b465ee728b)  -> (artifact id: '0adaa6121773107d18bf2568e97d2b1e') in 1.058798 seconds
  Import took 1.066878 seconds .

========================================================================
Received Import Request.
  Time since last request: 20.501235 seconds.
  path: Assets/Rebirth/glb/Untitled_6-faccia-mani-perfetti-peli
  artifactKey: Guid(28ab3de78e0bd094c98a1027e67bbe3a) Importer(815301076,1909f56bfc062723c751e8b465ee728b)
Start importing Assets/Rebirth/glb/Untitled_6-faccia-mani-perfetti-peli using Guid(28ab3de78e0bd094c98a1027e67bbe3a) Importer(815301076,1909f56bfc062723c751e8b465ee728b)  -> (artifact id: '702bdaaa388815efe64eed6da0aad402') in 0.003420 seconds
  Import took 0.009126 seconds .

========================================================================
Received Import Request.
  Time since last request: 0.092425 seconds.
  path: Assets/Rebirth/glb/Untitled_6-faccia-mani-perfetti-peli/Untitled_6_00.gif
  artifactKey: Guid(5c7f86890d460a3468ee14e2ddbbf49a) Importer(815301076,1909f56bfc062723c751e8b465ee728b)
Start importing Assets/Rebirth/glb/Untitled_6-faccia-mani-perfetti-peli/Untitled_6_00.gif using Guid(5c7f86890d460a3468ee14e2ddbbf49a) Importer(815301076,1909f56bfc062723c751e8b465ee728b)  -> (artifact id: '3bd61d306843c0d06ab3b6d23ce7bf1a') in 0.008235 seconds
  Import took 0.014052 seconds .

========================================================================
Received Import Request.
  Time since last request: 0.000582 seconds.
  path: Assets/Rebirth/glb/Untitled_6-faccia-mani-perfetti-peli/Untitled_6_03.png
  artifactKey: Guid(041d5e8f66303a34088b047278f291be) Importer(815301076,1909f56bfc062723c751e8b465ee728b)
Start importing Assets/Rebirth/glb/Untitled_6-faccia-mani-perfetti-peli/Untitled_6_03.png using Guid(041d5e8f66303a34088b047278f291be) Importer(815301076,1909f56bfc062723c751e8b465ee728b)  -> (artifact id: 'bc39865a9e745775efb623868429a40f') in 0.012492 seconds
  Import took 0.018052 seconds .

========================================================================
Received Import Request.
  Time since last request: 0.000542 seconds.
  path: Assets/Rebirth/glb/Untitled_6-faccia-mani-perfetti-peli/Untitled_6_00.png
  artifactKey: Guid(d69bb9896d4b5e4409da89ff6214c22e) Importer(815301076,1909f56bfc062723c751e8b465ee728b)
Start importing Assets/Rebirth/glb/Untitled_6-faccia-mani-perfetti-peli/Untitled_6_00.png using Guid(d69bb9896d4b5e4409da89ff6214c22e) Importer(815301076,1909f56bfc062723c751e8b465ee728b)  -> (artifact id: '274a9af39ae897025a254d6878c76aa2') in 0.011083 seconds
  Import took 0.016958 seconds .

========================================================================
Received Import Request.
  Time since last request: 0.000574 seconds.
  path: Assets/Rebirth/glb/Untitled_6-faccia-mani-perfetti-peli/Untitled_6_01.png
  artifactKey: Guid(22b776e8072cf944092fdbc92022f88e) Importer(815301076,1909f56bfc062723c751e8b465ee728b)
Start importing Assets/Rebirth/glb/Untitled_6-faccia-mani-perfetti-peli/Untitled_6_01.png using Guid(22b776e8072cf944092fdbc92022f88e) Importer(815301076,1909f56bfc062723c751e8b465ee728b)  -> (artifact id: 'fb36bdf80209e061a40e3eb23c76c713') in 0.010185 seconds
  Import took 0.016263 seconds .

========================================================================
Received Import Request.
  Time since last request: 0.916750 seconds.
  path: Assets/Rebirth/glb/Untitled_6-faccia-mani-perfetti-peli/glb
  artifactKey: Guid(15dc5f8cc5baee944934f466ded1e574) Importer(815301076,1909f56bfc062723c751e8b465ee728b)
Start importing Assets/Rebirth/glb/Untitled_6-faccia-mani-perfetti-peli/glb using Guid(15dc5f8cc5baee944934f466ded1e574) Importer(815301076,1909f56bfc062723c751e8b465ee728b)  -> (artifact id: '5db10a454edcae0c88387da4ec40869c') in 0.005261 seconds
  Import took 0.011168 seconds .

========================================================================
Received Import Request.
  Time since last request: 0.051593 seconds.
  path: Assets/Rebirth/glb/Untitled_6-faccia-mani-perfetti-peli/glb/Untitled_6.glb
  artifactKey: Guid(9539f149397f2044b9934f98ab07f540) Importer(815301076,1909f56bfc062723c751e8b465ee728b)
Start importing Assets/Rebirth/glb/Untitled_6-faccia-mani-perfetti-peli/glb/Untitled_6.glb using Guid(9539f149397f2044b9934f98ab07f540) Importer(815301076,1909f56bfc062723c751e8b465ee728b)  -> (artifact id: 'e2e2c1ad9dc03a5f9cd2a43b761f94c1') in 0.258832 seconds
  Import took 0.266620 seconds .

========================================================================
Received Import Request.
  Time since last request: 13.950832 seconds.
  path: Assets/Rebirth/glb/Untitled_7-percorso interno
  artifactKey: Guid(29c3ae87a08f6744b90b5b9e6f20fb01) Importer(815301076,1909f56bfc062723c751e8b465ee728b)
Start importing Assets/Rebirth/glb/Untitled_7-percorso interno using Guid(29c3ae87a08f6744b90b5b9e6f20fb01) Importer(815301076,1909f56bfc062723c751e8b465ee728b)  -> (artifact id: '8b9dd44e8c99a9a0a258b6904452fd8e') in 0.003496 seconds
  Import took 0.009362 seconds .

========================================================================
Received Import Request.
  Time since last request: 0.092739 seconds.
  path: Assets/Rebirth/glb/Untitled_7-percorso interno/Untitled_7_00.png
  artifactKey: Guid(8cfb5a72a7aff1d4dbe28cae63f6bfef) Importer(815301076,1909f56bfc062723c751e8b465ee728b)
Start importing Assets/Rebirth/glb/Untitled_7-percorso interno/Untitled_7_00.png using Guid(8cfb5a72a7aff1d4dbe28cae63f6bfef) Importer(815301076,1909f56bfc062723c751e8b465ee728b)  -> (artifact id: '88bde4ae46d4c1cb02459debcfb103d1') in 0.011059 seconds
  Import took 0.018046 seconds .

========================================================================
Received Import Request.
  Time since last request: 1.526331 seconds.
  path: Assets/Rebirth/glb/Untitled_7-percorso interno/glb
  artifactKey: Guid(c75b7dc0771820c4385f50cf4a7d2e12) Importer(815301076,1909f56bfc062723c751e8b465ee728b)
Start importing Assets/Rebirth/glb/Untitled_7-percorso interno/glb using Guid(c75b7dc0771820c4385f50cf4a7d2e12) Importer(815301076,1909f56bfc062723c751e8b465ee728b)  -> (artifact id: 'f635a72e61fd8891d820abf8c2455a6a') in 0.003192 seconds
  Import took 0.009933 seconds .

========================================================================
Received Import Request.
  Time since last request: 0.075225 seconds.
  path: Assets/Rebirth/glb/Untitled_7-percorso interno/glb/Untitled_7.glb
  artifactKey: Guid(b85901cccc6dbc44f9ebc45b8f6311cd) Importer(815301076,1909f56bfc062723c751e8b465ee728b)
Start importing Assets/Rebirth/glb/Untitled_7-percorso interno/glb/Untitled_7.glb using Guid(b85901cccc6dbc44f9ebc45b8f6311cd) Importer(815301076,1909f56bfc062723c751e8b465ee728b)  -> (artifact id: 'e78c58d146b4a1bc88961aee16d1bfd7') in 0.349380 seconds
  Import took 0.357442 seconds .

========================================================================
Received Import Request.
  Time since last request: 13.674590 seconds.
  path: Assets/Rebirth/glb/Untitled_10-capelli-completi-peli-faccia-belli
  artifactKey: Guid(c884c1d145b5411478cf742364322329) Importer(815301076,1909f56bfc062723c751e8b465ee728b)
Start importing Assets/Rebirth/glb/Untitled_10-capelli-completi-peli-faccia-belli using Guid(c884c1d145b5411478cf742364322329) Importer(815301076,1909f56bfc062723c751e8b465ee728b)  -> (artifact id: 'a1adde18de007a65354ab12ad7dde9c9') in 0.003281 seconds
  Import took 0.009219 seconds .

========================================================================
Received Import Request.
  Time since last request: 0.071141 seconds.
  path: Assets/Rebirth/glb/Untitled_10-capelli-completi-peli-faccia-belli/Untitled_10_00.gif
  artifactKey: Guid(14bb88ef72761604684c535fbe7f69c5) Importer(815301076,1909f56bfc062723c751e8b465ee728b)
Start importing Assets/Rebirth/glb/Untitled_10-capelli-completi-peli-faccia-belli/Untitled_10_00.gif using Guid(14bb88ef72761604684c535fbe7f69c5) Importer(815301076,1909f56bfc062723c751e8b465ee728b)  -> (artifact id: '6a84f669461e6f7d7e50759d88d7145c') in 0.007945 seconds
  Import took 0.014009 seconds .

========================================================================
Received Import Request.
  Time since last request: 0.000573 seconds.
  path: Assets/Rebirth/glb/Untitled_10-capelli-completi-peli-faccia-belli/Untitled_10_00.png
  artifactKey: Guid(7bc6f90f4b8d6034d97508a13422eee1) Importer(815301076,1909f56bfc062723c751e8b465ee728b)
Start importing Assets/Rebirth/glb/Untitled_10-capelli-completi-peli-faccia-belli/Untitled_10_00.png using Guid(7bc6f90f4b8d6034d97508a13422eee1) Importer(815301076,1909f56bfc062723c751e8b465ee728b)  -> (artifact id: '7816fbf9108197a30b926efbe02469ac') in 0.008245 seconds
  Import took 0.014065 seconds .

========================================================================
Received Import Request.
  Time since last request: 0.888643 seconds.
  path: Assets/Rebirth/glb/Untitled_10-capelli-completi-peli-faccia-belli/glb
  artifactKey: Guid(710b3eeced3adf74fbeee96cdfe12d55) Importer(815301076,1909f56bfc062723c751e8b465ee728b)
Start importing Assets/Rebirth/glb/Untitled_10-capelli-completi-peli-faccia-belli/glb using Guid(710b3eeced3adf74fbeee96cdfe12d55) Importer(815301076,1909f56bfc062723c751e8b465ee728b)  -> (artifact id: '1ef82ae4b85c7357d10613cf7ad34acd') in 0.004405 seconds
  Import took 0.013213 seconds .

========================================================================
Received Import Request.
  Time since last request: 0.030546 seconds.
  path: Assets/Rebirth/glb/Untitled_10-capelli-completi-peli-faccia-belli/glb/Untitled_10.glb
  artifactKey: Guid(e4991346e93331243820fb61dc9b6c01) Importer(815301076,1909f56bfc062723c751e8b465ee728b)
Start importing Assets/Rebirth/glb/Untitled_10-capelli-completi-peli-faccia-belli/glb/Untitled_10.glb using Guid(e4991346e93331243820fb61dc9b6c01) Importer(815301076,1909f56bfc062723c751e8b465ee728b)  -> (artifact id: 'bd6a8f2791b3db14c028751e1752d839') in 0.146780 seconds
  Import took 0.154326 seconds .

========================================================================
Received Import Request.
  Time since last request: 19.596414 seconds.
  path: Assets/Rebirth/glb/Untitled_12-tutti-archetipi-interni
  artifactKey: Guid(ca1124837033bc2419993ba5307a8b3a) Importer(815301076,1909f56bfc062723c751e8b465ee728b)
Start importing Assets/Rebirth/glb/Untitled_12-tutti-archetipi-interni using Guid(ca1124837033bc2419993ba5307a8b3a) Importer(815301076,1909f56bfc062723c751e8b465ee728b)  -> (artifact id: 'af91f261d2c072be1aa0c9cbef6595ba') in 0.004041 seconds
  Import took 0.012218 seconds .

========================================================================
Received Import Request.
  Time since last request: 0.118486 seconds.
  path: Assets/Rebirth/glb/Untitled_12-tutti-archetipi-interni/Untitled_12_00--.jpg
  artifactKey: Guid(e60a940d113993d409ba5cf528449987) Importer(815301076,1909f56bfc062723c751e8b465ee728b)
Start importing Assets/Rebirth/glb/Untitled_12-tutti-archetipi-interni/Untitled_12_00--.jpg using Guid(e60a940d113993d409ba5cf528449987) Importer(815301076,1909f56bfc062723c751e8b465ee728b)  -> (artifact id: '212a28f63d266b490ac428d8515efffe') in 0.012436 seconds
  Import took 0.017932 seconds .

========================================================================
Received Import Request.
  Time since last request: 0.000562 seconds.
  path: Assets/Rebirth/glb/Untitled_12-tutti-archetipi-interni/Untitled_12_00.gif
  artifactKey: Guid(7a19a8ce1b6c1d949ae60cbc1447c297) Importer(815301076,1909f56bfc062723c751e8b465ee728b)
Start importing Assets/Rebirth/glb/Untitled_12-tutti-archetipi-interni/Untitled_12_00.gif using Guid(7a19a8ce1b6c1d949ae60cbc1447c297) Importer(815301076,1909f56bfc062723c751e8b465ee728b)  -> (artifact id: '4f513fc28465db92fd828424a2c26cbb') in 0.008246 seconds
  Import took 0.013360 seconds .

========================================================================
Received Import Request.
  Time since last request: 0.000485 seconds.
  path: Assets/Rebirth/glb/Untitled_12-tutti-archetipi-interni/Untitled_12_00-.jpg
  artifactKey: Guid(9a91d7d7cd5df4b4092bfcb970420664) Importer(815301076,1909f56bfc062723c751e8b465ee728b)
Start importing Assets/Rebirth/glb/Untitled_12-tutti-archetipi-interni/Untitled_12_00-.jpg using Guid(9a91d7d7cd5df4b4092bfcb970420664) Importer(815301076,1909f56bfc062723c751e8b465ee728b)  -> (artifact id: '214d8ff4bac4f64b85fd27b3b821c2b0') in 0.012422 seconds
  Import took 0.018029 seconds .

========================================================================
Received Import Request.
  Time since last request: 1.098906 seconds.
  path: Assets/Rebirth/glb/Untitled_12-tutti-archetipi-interni/glb
  artifactKey: Guid(200cb1c58596ed74c964018c3260773f) Importer(815301076,1909f56bfc062723c751e8b465ee728b)
Start importing Assets/Rebirth/glb/Untitled_12-tutti-archetipi-interni/glb using Guid(200cb1c58596ed74c964018c3260773f) Importer(815301076,1909f56bfc062723c751e8b465ee728b)  -> (artifact id: '0e4049017a4d1e9cda13ec0a8377ec40') in 0.004514 seconds
  Import took 0.009769 seconds .

========================================================================
Received Import Request.
  Time since last request: 0.090643 seconds.
  path: Assets/Rebirth/glb/Untitled_12-tutti-archetipi-interni/glb/Untitled_12.glb
  artifactKey: Guid(337aeb2e61de6974592fab9f655e34e9) Importer(815301076,1909f56bfc062723c751e8b465ee728b)
Start importing Assets/Rebirth/glb/Untitled_12-tutti-archetipi-interni/glb/Untitled_12.glb using Guid(337aeb2e61de6974592fab9f655e34e9) Importer(815301076,1909f56bfc062723c751e8b465ee728b)  -> (artifact id: 'f271bade83482786a53d5c034a1e6312') in 0.406505 seconds
  Import took 0.416408 seconds .

========================================================================
Received Import Request.
  Time since last request: 3.574604 seconds.
  path: Assets/Rebirth/glb/Untitled_15-tette-complete-no-peli-parlarne
  artifactKey: Guid(a424a4567259cb14088097da0200e39f) Importer(815301076,1909f56bfc062723c751e8b465ee728b)
Start importing Assets/Rebirth/glb/Untitled_15-tette-complete-no-peli-parlarne using Guid(a424a4567259cb14088097da0200e39f) Importer(815301076,1909f56bfc062723c751e8b465ee728b)  -> (artifact id: 'd72d2babeb74f910267a14efee5cdf59') in 0.003505 seconds
  Import took 0.009978 seconds .

========================================================================
Received Import Request.
  Time since last request: 0.874615 seconds.
  path: Assets/Rebirth/glb/Untitled_15-tette-complete-no-peli-parlarne/glb
  artifactKey: Guid(eca27004b06c85b41801beeee4fd67a9) Importer(815301076,1909f56bfc062723c751e8b465ee728b)
Start importing Assets/Rebirth/glb/Untitled_15-tette-complete-no-peli-parlarne/glb using Guid(eca27004b06c85b41801beeee4fd67a9) Importer(815301076,1909f56bfc062723c751e8b465ee728b)  -> (artifact id: 'a5d46fd10d9d8923b370ebb1876539ee') in 0.003935 seconds
  Import took 0.010699 seconds .

========================================================================
Received Import Request.
  Time since last request: 0.065675 seconds.
  path: Assets/Rebirth/glb/Untitled_15-tette-complete-no-peli-parlarne/glb/Untitled_15.glb
  artifactKey: Guid(d7de2d97a0102db41bfcd5ad5ee16319) Importer(815301076,1909f56bfc062723c751e8b465ee728b)
Start importing Assets/Rebirth/glb/Untitled_15-tette-complete-no-peli-parlarne/glb/Untitled_15.glb using Guid(d7de2d97a0102db41bfcd5ad5ee16319) Importer(815301076,1909f56bfc062723c751e8b465ee728b)  -> (artifact id: 'eb40941d451731d84fd50c640700015c') in 0.149027 seconds
  Import took 0.156311 seconds .

========================================================================
Received Import Request.
  Time since last request: 28.619159 seconds.
  path: Assets/Rebirth/glb/Untitled_16-letto-pancia-importante
  artifactKey: Guid(99d2b325056f91e46b92e0401a75b7ce) Importer(815301076,1909f56bfc062723c751e8b465ee728b)
Start importing Assets/Rebirth/glb/Untitled_16-letto-pancia-importante using Guid(99d2b325056f91e46b92e0401a75b7ce) Importer(815301076,1909f56bfc062723c751e8b465ee728b)  -> (artifact id: '63581d0be2c7fbf76016d13401b25048') in 0.004615 seconds
  Import took 0.010165 seconds .

========================================================================
Received Import Request.
  Time since last request: 0.001611 seconds.
  path: Assets/Rebirth/glb/Untitled_16-letto-pancia-importante
  artifactKey: Guid(99d2b325056f91e46b92e0401a75b7ce) Importer(815301076,1909f56bfc062723c751e8b465ee728b)
Start importing Assets/Rebirth/glb/Untitled_16-letto-pancia-importante using Guid(99d2b325056f91e46b92e0401a75b7ce) Importer(815301076,1909f56bfc062723c751e8b465ee728b)  -> (artifact id: '63581d0be2c7fbf76016d13401b25048') in 0.003072 seconds
  Import took 0.009662 seconds .

========================================================================
Received Import Request.
  Time since last request: 0.125165 seconds.
  path: Assets/Rebirth/glb/Untitled_16-letto-pancia-importante/Untitled_16_00.gif
  artifactKey: Guid(852543a50138e574e8bf48fcba86fd5a) Importer(815301076,1909f56bfc062723c751e8b465ee728b)
Start importing Assets/Rebirth/glb/Untitled_16-letto-pancia-importante/Untitled_16_00.gif using Guid(852543a50138e574e8bf48fcba86fd5a) Importer(815301076,1909f56bfc062723c751e8b465ee728b)  -> (artifact id: '2d560ffef1b0a8569af62f516efa2caf') in 0.008663 seconds
  Import took 0.014397 seconds .

========================================================================
Received Import Request.
  Time since last request: 0.908243 seconds.
  path: Assets/Rebirth/glb/Untitled_16-letto-pancia-importante/glb
  artifactKey: Guid(b7811d0e6e02fa34f8115bf7876191d5) Importer(815301076,1909f56bfc062723c751e8b465ee728b)
Start importing Assets/Rebirth/glb/Untitled_16-letto-pancia-importante/glb using Guid(b7811d0e6e02fa34f8115bf7876191d5) Importer(815301076,1909f56bfc062723c751e8b465ee728b)  -> (artifact id: 'de0dd5e304ee67a7951492fb6c2baa28') in 0.003475 seconds
  Import took 0.009759 seconds .

========================================================================
Received Import Request.
  Time since last request: 0.112154 seconds.
  path: Assets/Rebirth/glb/Untitled_16-letto-pancia-importante/glb/Untitled_16.glb
  artifactKey: Guid(ab39bb66915b26545a7ae419319c9d69) Importer(815301076,1909f56bfc062723c751e8b465ee728b)
Start importing Assets/Rebirth/glb/Untitled_16-letto-pancia-importante/glb/Untitled_16.glb using Guid(ab39bb66915b26545a7ae419319c9d69) Importer(815301076,1909f56bfc062723c751e8b465ee728b)  -> (artifact id: '5ad6638e37c2a118d8fc6fc1561dfe0f') in 0.108475 seconds
  Import took 0.115550 seconds .

========================================================================
Received Import Request.
  Time since last request: 524.083413 seconds.
  path: Assets/Rebirth/fbx/busto.fbx
  artifactKey: Guid(52cb694f5aa04e942a531ab7edbdfb8b) Importer(815301076,1909f56bfc062723c751e8b465ee728b)
Start importing Assets/Rebirth/fbx/busto.fbx using Guid(52cb694f5aa04e942a531ab7edbdfb8b) Importer(815301076,1909f56bfc062723c751e8b465ee728b)  -> (artifact id: 'c91cda353e36f5e25d57846d1c7356cf') in 0.183590 seconds
  Import took 0.190754 seconds .

========================================================================
Received Import Request.
  Time since last request: 0.000425 seconds.
  path: Assets/Rebirth/fbx/infermiera.fbx
  artifactKey: Guid(0bc3939545368e9478b3a0a0f90dc093) Importer(815301076,1909f56bfc062723c751e8b465ee728b)
Start importing Assets/Rebirth/fbx/infermiera.fbx using Guid(0bc3939545368e9478b3a0a0f90dc093) Importer(815301076,1909f56bfc062723c751e8b465ee728b)  -> (artifact id: '9d33c5eab96df57459aa516e87cb6b1d') in 0.382394 seconds
  Import took 0.387489 seconds .

========================================================================
Received Import Request.
  Time since last request: 0.000415 seconds.
  path: Assets/Rebirth/fbx/gambe.fbx
  artifactKey: Guid(20477322c2f0b6642af8d9040411b0aa) Importer(815301076,1909f56bfc062723c751e8b465ee728b)
Start importing Assets/Rebirth/fbx/gambe.fbx using Guid(20477322c2f0b6642af8d9040411b0aa) Importer(815301076,1909f56bfc062723c751e8b465ee728b)  -> (artifact id: 'd404d84a6cdb600b5a4e4e0614adb574') in 0.140773 seconds
  Import took 0.145606 seconds .

========================================================================
Received Import Request.
  Time since last request: 120.801011 seconds.
  path: Assets/TiltBrush/Assets/Brushes/Basic/Bubbles/Bubbles.mat
  artifactKey: Guid(89d104cdd012426bb5b3bbaee63ac43c) Importer(815301076,1909f56bfc062723c751e8b465ee728b)
Start importing Assets/TiltBrush/Assets/Brushes/Basic/Bubbles/Bubbles.mat using Guid(89d104cdd012426bb5b3bbaee63ac43c) Importer(815301076,1909f56bfc062723c751e8b465ee728b)  -> (artifact id: '1ce98be57c40de2c316b0d19cb75a7ff') in 0.306097 seconds
  Import took 0.311439 seconds .

========================================================================
Received Import Request.
  Time since last request: 0.000590 seconds.
  path: Assets/TiltBrush/Assets/Brushes/Basic/CelVinyl/CelVinyl_16.mat
  artifactKey: Guid(700f3aa89a7c23848b8aea028905dd8c) Importer(815301076,1909f56bfc062723c751e8b465ee728b)
Start importing Assets/TiltBrush/Assets/Brushes/Basic/CelVinyl/CelVinyl_16.mat using Guid(700f3aa89a7c23848b8aea028905dd8c) Importer(815301076,1909f56bfc062723c751e8b465ee728b)  -> (artifact id: '4523fcbf38d62e5187b2deb534efa76f') in 0.019347 seconds
  Import took 0.024866 seconds .

========================================================================
Received Import Request.
  Time since last request: 0.000676 seconds.
  path: Assets/TiltBrush/Assets/Brushes/Basic/ChromaticWave/ChromaticWave.mat
  artifactKey: Guid(0f0ff7b2a67745eba7d60cd7206f4816) Importer(815301076,1909f56bfc062723c751e8b465ee728b)
Start importing Assets/TiltBrush/Assets/Brushes/Basic/ChromaticWave/ChromaticWave.mat using Guid(0f0ff7b2a67745eba7d60cd7206f4816) Importer(815301076,1909f56bfc062723c751e8b465ee728b)  -> (artifact id: '0de2d05ab8cf42998d5c40a3fea60a4c') in 0.059168 seconds
  Import took 0.064640 seconds .

========================================================================
Received Import Request.
  Time since last request: 0.000487 seconds.
  path: Assets/TiltBrush/Assets/Brushes/Basic/CelVinyl/CelVinyl_16.mat
  artifactKey: Guid(700f3aa89a7c23848b8aea028905dd8c) Importer(815301076,1909f56bfc062723c751e8b465ee728b)
Start importing Assets/TiltBrush/Assets/Brushes/Basic/CelVinyl/CelVinyl_16.mat using Guid(700f3aa89a7c23848b8aea028905dd8c) Importer(815301076,1909f56bfc062723c751e8b465ee728b)  -> (artifact id: '4523fcbf38d62e5187b2deb534efa76f') in 0.011295 seconds
  Import took 0.016903 seconds .

========================================================================
Received Import Request.
  Time since last request: 0.000441 seconds.
  path: Assets/TiltBrush/Assets/Brushes/Basic/ChromaticWave/ChromaticWave.mat
  artifactKey: Guid(0f0ff7b2a67745eba7d60cd7206f4816) Importer(815301076,1909f56bfc062723c751e8b465ee728b)
Start importing Assets/TiltBrush/Assets/Brushes/Basic/ChromaticWave/ChromaticWave.mat using Guid(0f0ff7b2a67745eba7d60cd7206f4816) Importer(815301076,1909f56bfc062723c751e8b465ee728b)  -> (artifact id: '0de2d05ab8cf42998d5c40a3fea60a4c') in 0.016803 seconds
  Import took 0.021952 seconds .

========================================================================
Received Import Request.
  Time since last request: 0.000435 seconds.
  path: Assets/TiltBrush/Assets/Brushes/Basic/Bubbles/Bubbles.mat
  artifactKey: Guid(89d104cdd012426bb5b3bbaee63ac43c) Importer(815301076,1909f56bfc062723c751e8b465ee728b)
Start importing Assets/TiltBrush/Assets/Brushes/Basic/Bubbles/Bubbles.mat using Guid(89d104cdd012426bb5b3bbaee63ac43c) Importer(815301076,1909f56bfc062723c751e8b465ee728b)  -> (artifact id: '1ce98be57c40de2c316b0d19cb75a7ff') in 0.016617 seconds
  Import took 0.022282 seconds .

========================================================================
Received Import Request.
  Time since last request: 0.865737 seconds.
  path: Assets/TiltBrush/Assets/Brushes/Basic/DotMarker/DotMarker.mat
  artifactKey: Guid(d1d991f2e7a04cf1b328f57e915e6260) Importer(815301076,1909f56bfc062723c751e8b465ee728b)
Start importing Assets/TiltBrush/Assets/Brushes/Basic/DotMarker/DotMarker.mat using Guid(d1d991f2e7a04cf1b328f57e915e6260) Importer(815301076,1909f56bfc062723c751e8b465ee728b)  -> (artifact id: 'ce7e7df56dff599cca065d2e8d5e909e') in 0.019606 seconds
  Import took 0.025653 seconds .

========================================================================
Received Import Request.
  Time since last request: 0.000582 seconds.
  path: Assets/TiltBrush/Assets/Brushes/Basic/Plasma/Plasma.mat
  artifactKey: Guid(c33714d1b2f9412ebd501884c9d46336) Importer(815301076,1909f56bfc062723c751e8b465ee728b)
Start importing Assets/TiltBrush/Assets/Brushes/Basic/Plasma/Plasma.mat using Guid(c33714d1b2f9412ebd501884c9d46336) Importer(815301076,1909f56bfc062723c751e8b465ee728b)  -> (artifact id: '17ca4fbe022b788434ff3e437d6ab5f2') in 0.064306 seconds
  Import took 0.070233 seconds .

========================================================================
Received Import Request.
  Time since last request: 0.000630 seconds.
  path: Assets/TiltBrush/Assets/Brushes/Basic/MatteHull/MatteHull_16.mat
  artifactKey: Guid(79348357432d47468e290e25c112e3aa) Importer(815301076,1909f56bfc062723c751e8b465ee728b)
Start importing Assets/TiltBrush/Assets/Brushes/Basic/MatteHull/MatteHull_16.mat using Guid(79348357432d47468e290e25c112e3aa) Importer(815301076,1909f56bfc062723c751e8b465ee728b)  -> (artifact id: '95b3727de2ae1698d8efc08d6e58f65d') in 0.030905 seconds
  Import took 0.036044 seconds .

========================================================================
Received Import Request.
  Time since last request: 0.000553 seconds.
  path: Assets/TiltBrush/Assets/Brushes/Basic/TaperedMarker_Flat/TaperedMarker_Flat.mat
  artifactKey: Guid(1a26b8c08a074f8a9facd2ef36e0cad0) Importer(815301076,1909f56bfc062723c751e8b465ee728b)
Start importing Assets/TiltBrush/Assets/Brushes/Basic/TaperedMarker_Flat/TaperedMarker_Flat.mat using Guid(1a26b8c08a074f8a9facd2ef36e0cad0) Importer(815301076,1909f56bfc062723c751e8b465ee728b)  -> (artifact id: '06a61c59c1f91f6b37ccd0ec1ea7b246') in 0.120149 seconds
  Import took 0.125640 seconds .

========================================================================
Received Import Request.
  Time since last request: 0.000533 seconds.
  path: Assets/TiltBrush/Assets/Brushes/Basic/DoubleTaperedMarker/DoubleTaperedMarker.mat
  artifactKey: Guid(0d3889f33ede470c8af4de4813306126) Importer(815301076,1909f56bfc062723c751e8b465ee728b)
Start importing Assets/TiltBrush/Assets/Brushes/Basic/DoubleTaperedMarker/DoubleTaperedMarker.mat using Guid(0d3889f33ede470c8af4de4813306126) Importer(815301076,1909f56bfc062723c751e8b465ee728b)  -> (artifact id: 'ff4ff4f0d72fb87bc7bc783ba7ba71a7') in 0.015036 seconds
  Import took 0.020133 seconds .

========================================================================
Received Import Request.
  Time since last request: 0.000571 seconds.
  path: Assets/TiltBrush/Assets/Brushes/Basic/TaperedMarker/TaperedMarker.mat
  artifactKey: Guid(d90c6ad8af0f4b54b422e0f92abe1b3c) Importer(815301076,1909f56bfc062723c751e8b465ee728b)
Start importing Assets/TiltBrush/Assets/Brushes/Basic/TaperedMarker/TaperedMarker.mat using Guid(d90c6ad8af0f4b54b422e0f92abe1b3c) Importer(815301076,1909f56bfc062723c751e8b465ee728b)  -> (artifact id: '300910a822277236edbec78ea6f6b387') in 0.013905 seconds
  Import took 0.019000 seconds .

========================================================================
Received Import Request.
  Time since last request: 0.000439 seconds.
  path: Assets/TiltBrush/Assets/Brushes/Basic/Marker/Marker.mat
  artifactKey: Guid(429ed64a4e97446684d3145a861ef684) Importer(815301076,1909f56bfc062723c751e8b465ee728b)
Start importing Assets/TiltBrush/Assets/Brushes/Basic/Marker/Marker.mat using Guid(429ed64a4e97446684d3145a861ef684) Importer(815301076,1909f56bfc062723c751e8b465ee728b)  -> (artifact id: '2696b9f26e4d7644cbdd2889d63082bd') in 0.014852 seconds
  Import took 0.019882 seconds .

========================================================================
Received Import Request.
  Time since last request: 35.549945 seconds.
  path: Assets/TiltBrush/Assets/Brushes/Basic/MatteHull/MatteHull_16.asset
  artifactKey: Guid(cc8a936db644b835cb1d6ac3836f65f2) Importer(815301076,1909f56bfc062723c751e8b465ee728b)
Start importing Assets/TiltBrush/Assets/Brushes/Basic/MatteHull/MatteHull_16.asset using Guid(cc8a936db644b835cb1d6ac3836f65f2) Importer(815301076,1909f56bfc062723c751e8b465ee728b)  -> (artifact id: '2dac2ae4717f0e751f018d16932897e6') in 0.010503 seconds
  Import took 0.016306 seconds .

========================================================================
Received Import Request.
  Time since last request: 0.002870 seconds.
  path: Assets/TiltBrush/Assets/Brushes/Basic/MatteHull/MatteHull_16.asset
  artifactKey: Guid(cc8a936db644b835cb1d6ac3836f65f2) Importer(815301076,1909f56bfc062723c751e8b465ee728b)
Start importing Assets/TiltBrush/Assets/Brushes/Basic/MatteHull/MatteHull_16.asset using Guid(cc8a936db644b835cb1d6ac3836f65f2) Importer(815301076,1909f56bfc062723c751e8b465ee728b)  -> (artifact id: '2dac2ae4717f0e751f018d16932897e6') in 0.005603 seconds
  Import took 0.011998 seconds .

========================================================================
Received Import Request.
  Time since last request: 66.983815 seconds.
  path: Assets/TiltBrush/Assets/Brushes/AllBrushes.asset
  artifactKey: Guid(2b3e59298bb8cfc47bddd1e1ea01be06) Importer(815301076,1909f56bfc062723c751e8b465ee728b)
Start importing Assets/TiltBrush/Assets/Brushes/AllBrushes.asset using Guid(2b3e59298bb8cfc47bddd1e1ea01be06) Importer(815301076,1909f56bfc062723c751e8b465ee728b)  -> (artifact id: '77eb8cda3d3d38168e60b48613aa5a4a') in 0.330883 seconds
  Import took 0.341142 seconds .

========================================================================
Received Import Request.
  Time since last request: 3.360564 seconds.
  path: Assets/TiltBrush/Assets/Shaders
  artifactKey: Guid(32a313623a2af425486f94b12345ceda) Importer(815301076,1909f56bfc062723c751e8b465ee728b)
Start importing Assets/TiltBrush/Assets/Shaders using Guid(32a313623a2af425486f94b12345ceda) Importer(815301076,1909f56bfc062723c751e8b465ee728b)  -> (artifact id: '9611e5c382c701ee62f2d33ba72060ae') in 0.005107 seconds
  Import took 0.012440 seconds .

========================================================================
Received Import Request.
  Time since last request: 1.695166 seconds.
  path: Assets/TiltBrush/Assets/Shaders/Include
  artifactKey: Guid(4b693034723d7064d8ddb143f73ad45e) Importer(815301076,1909f56bfc062723c751e8b465ee728b)
Start importing Assets/TiltBrush/Assets/Shaders/Include using Guid(4b693034723d7064d8ddb143f73ad45e) Importer(815301076,1909f56bfc062723c751e8b465ee728b)  -> (artifact id: 'e28ac2f8938180d2c05b552f79e89d70') in 0.003445 seconds
  Import took 0.010339 seconds .

========================================================================
Received Import Request.
  Time since last request: 3.839055 seconds.
  path: Assets/TiltBrush/Materials
  artifactKey: Guid(fc34f0c9f4a6c924f8b86101c659b44b) Importer(815301076,1909f56bfc062723c751e8b465ee728b)
Start importing Assets/TiltBrush/Materials using Guid(fc34f0c9f4a6c924f8b86101c659b44b) Importer(815301076,1909f56bfc062723c751e8b465ee728b)  -> (artifact id: '89f7b540ffb0dc54b6eea2145f1d0b02') in 0.004602 seconds
  Import took 0.010145 seconds .

========================================================================
Received Import Request.
  Time since last request: 0.043342 seconds.
  path: Assets/TiltBrush/Materials/BasePbrBlendDoubleSided.mat
  artifactKey: Guid(b2b07ce943390e34993803beeb1e8548) Importer(815301076,1909f56bfc062723c751e8b465ee728b)
Start importing Assets/TiltBrush/Materials/BasePbrBlendDoubleSided.mat using Guid(b2b07ce943390e34993803beeb1e8548) Importer(815301076,1909f56bfc062723c751e8b465ee728b)  -> (artifact id: '34f0f3970f53c7619b538a62472531e3') in 0.184346 seconds
  Import took 0.190774 seconds .

========================================================================
Received Import Request.
  Time since last request: 0.000434 seconds.
  path: Assets/TiltBrush/Materials/BasePbrOpaqueSingleSided.mat
  artifactKey: Guid(bf9540d0511f2ff4eb1b0e4c5b4fe197) Importer(815301076,1909f56bfc062723c751e8b465ee728b)
Start importing Assets/TiltBrush/Materials/BasePbrOpaqueSingleSided.mat using Guid(bf9540d0511f2ff4eb1b0e4c5b4fe197) Importer(815301076,1909f56bfc062723c751e8b465ee728b)  -> (artifact id: '57391007a114eb55df475136e63f60a3') in 0.190356 seconds
  Import took 0.195945 seconds .

========================================================================
Received Import Request.
  Time since last request: 0.000727 seconds.
  path: Assets/TiltBrush/Materials/BasePbrOpaqueDoubleSided.mat
  artifactKey: Guid(a24c5cab5717b124889fe758761686b4) Importer(815301076,1909f56bfc062723c751e8b465ee728b)
Start importing Assets/TiltBrush/Materials/BasePbrOpaqueDoubleSided.mat using Guid(a24c5cab5717b124889fe758761686b4) Importer(815301076,1909f56bfc062723c751e8b465ee728b)  -> (artifact id: 'e1150de430cdb09c4a1c8eae48e0dea1') in 0.031042 seconds
  Import took 0.036510 seconds .

========================================================================
Received Import Request.
  Time since last request: 0.000563 seconds.
  path: Assets/TiltBrush/Materials/BasePbrBlendSingleSided.mat
  artifactKey: Guid(6247073d7a73b1143a8edf84c9b05aef) Importer(815301076,1909f56bfc062723c751e8b465ee728b)
Start importing Assets/TiltBrush/Materials/BasePbrBlendSingleSided.mat using Guid(6247073d7a73b1143a8edf84c9b05aef) Importer(815301076,1909f56bfc062723c751e8b465ee728b)  -> (artifact id: '8b397237a1b8e83723c883738af3943b') in 0.030837 seconds
  Import took 0.035451 seconds .

========================================================================
Received Import Request.
  Time since last request: 5.970774 seconds.
  path: Assets/TiltBrush/Materials/PbrBlendDoubleSided.shader
  artifactKey: Guid(54d2dca8417702d4e849ce93707a354b) Importer(815301076,1909f56bfc062723c751e8b465ee728b)
Start importing Assets/TiltBrush/Materials/PbrBlendDoubleSided.shader using Guid(54d2dca8417702d4e849ce93707a354b) Importer(815301076,1909f56bfc062723c751e8b465ee728b)  -> (artifact id: 'f1934b134c32b93156d0e40dae22f49a') in 0.008405 seconds
  Import took 0.017221 seconds .

========================================================================
Received Import Request.
  Time since last request: 0.782112 seconds.
  path: Assets/TiltBrush/Materials/PbrBlendDoubleSided.shader
  artifactKey: Guid(54d2dca8417702d4e849ce93707a354b) Importer(815301076,1909f56bfc062723c751e8b465ee728b)
Start importing Assets/TiltBrush/Materials/PbrBlendDoubleSided.shader using Guid(54d2dca8417702d4e849ce93707a354b) Importer(815301076,1909f56bfc062723c751e8b465ee728b)  -> (artifact id: 'f1934b134c32b93156d0e40dae22f49a') in 0.004343 seconds
  Import took 0.009057 seconds .

========================================================================
Received Import Request.
  Time since last request: 4.395219 seconds.
  path: Assets/TiltBrush/Materials/PbrBlendSingleSided.shader
  artifactKey: Guid(f2ac7f21f7ce99242a92ce666e3a7df8) Importer(815301076,1909f56bfc062723c751e8b465ee728b)
Start importing Assets/TiltBrush/Materials/PbrBlendSingleSided.shader using Guid(f2ac7f21f7ce99242a92ce666e3a7df8) Importer(815301076,1909f56bfc062723c751e8b465ee728b)  -> (artifact id: '6228b1a9f2c46e9411465c28f784fd7d') in 0.006093 seconds
  Import took 0.011763 seconds .

========================================================================
Received Import Request.
  Time since last request: 0.000787 seconds.
  path: Assets/TiltBrush/Materials/PbrBlendSingleSided.shader
  artifactKey: Guid(f2ac7f21f7ce99242a92ce666e3a7df8) Importer(815301076,1909f56bfc062723c751e8b465ee728b)
Start importing Assets/TiltBrush/Materials/PbrBlendSingleSided.shader using Guid(f2ac7f21f7ce99242a92ce666e3a7df8) Importer(815301076,1909f56bfc062723c751e8b465ee728b)  -> (artifact id: '6228b1a9f2c46e9411465c28f784fd7d') in 0.004433 seconds
  Import took 0.010692 seconds .

========================================================================
Received Import Request.
  Time since last request: 0.770426 seconds.
  path: Assets/TiltBrush/Materials/PbrOpaqueDoubleSided.shader
  artifactKey: Guid(fdd67cb064f9adf4ea9ff64d948f9387) Importer(815301076,1909f56bfc062723c751e8b465ee728b)
Start importing Assets/TiltBrush/Materials/PbrOpaqueDoubleSided.shader using Guid(fdd67cb064f9adf4ea9ff64d948f9387) Importer(815301076,1909f56bfc062723c751e8b465ee728b)  -> (artifact id: '21b341a1912ef0cbcda1ebf5e08db411') in 0.005635 seconds
  Import took 0.012649 seconds .

========================================================================
Received Import Request.
  Time since last request: 0.001051 seconds.
  path: Assets/TiltBrush/Materials/PbrOpaqueDoubleSided.shader
  artifactKey: Guid(fdd67cb064f9adf4ea9ff64d948f9387) Importer(815301076,1909f56bfc062723c751e8b465ee728b)
Start importing Assets/TiltBrush/Materials/PbrOpaqueDoubleSided.shader using Guid(fdd67cb064f9adf4ea9ff64d948f9387) Importer(815301076,1909f56bfc062723c751e8b465ee728b)  -> (artifact id: '21b341a1912ef0cbcda1ebf5e08db411') in 0.005010 seconds
  Import took 0.010809 seconds .

========================================================================
Received Import Request.
  Time since last request: 1.465535 seconds.
  path: Assets/TiltBrush/Materials/PbrOpaqueSingleSided.shader
  artifactKey: Guid(c3d2397b0f2a38a478072d4d66b2410c) Importer(815301076,1909f56bfc062723c751e8b465ee728b)
Start importing Assets/TiltBrush/Materials/PbrOpaqueSingleSided.shader using Guid(c3d2397b0f2a38a478072d4d66b2410c) Importer(815301076,1909f56bfc062723c751e8b465ee728b)  -> (artifact id: '9b37b2d475b98be33f58322bd6b63b45') in 0.006437 seconds
  Import took 0.012168 seconds .

========================================================================
Received Import Request.
  Time since last request: 45.319745 seconds.
  path: Assets/TiltBrush/Resources
  artifactKey: Guid(9ed670421d3657f41a8fb119c0cba7e0) Importer(815301076,1909f56bfc062723c751e8b465ee728b)
Start importing Assets/TiltBrush/Resources using Guid(9ed670421d3657f41a8fb119c0cba7e0) Importer(815301076,1909f56bfc062723c751e8b465ee728b)  -> (artifact id: 'e5a6190dd858e5a77d1b663fcb654e45') in 0.003056 seconds
  Import took 0.008335 seconds .

========================================================================
Received Import Request.
  Time since last request: 0.239385 seconds.
  path: Assets/TiltBrush/Resources/TiltBrushToolkitSettings.asset
  artifactKey: Guid(7389d4def70b23346b5dff39cddd398b) Importer(815301076,1909f56bfc062723c751e8b465ee728b)
Start importing Assets/TiltBrush/Resources/TiltBrushToolkitSettings.asset using Guid(7389d4def70b23346b5dff39cddd398b) Importer(815301076,1909f56bfc062723c751e8b465ee728b)  -> (artifact id: '0275e01df12fe6034fe1a38ceabc3179') in 0.087957 seconds
  Import took 0.100990 seconds .

========================================================================
Received Import Request.
  Time since last request: 14.449193 seconds.
  path: Assets/TiltBrush/Prefabs
  artifactKey: Guid(8e2584fde7907534b815db2b1ad5b6db) Importer(815301076,1909f56bfc062723c751e8b465ee728b)
Start importing Assets/TiltBrush/Prefabs using Guid(8e2584fde7907534b815db2b1ad5b6db) Importer(815301076,1909f56bfc062723c751e8b465ee728b)  -> (artifact id: 'e00627c4fb1f6da3a86e5d8a2e6f85a8') in 0.003052 seconds
  Import took 0.008149 seconds .

========================================================================
Received Import Request.
  Time since last request: 0.143258 seconds.
  path: Assets/TiltBrush/Prefabs/[Tilt Brush Audio Reactivity].prefab
  artifactKey: Guid(8cdcde314f9da4696852f9819aec6ed4) Importer(815301076,1909f56bfc062723c751e8b465ee728b)
Start importing Assets/TiltBrush/Prefabs/[Tilt Brush Audio Reactivity].prefab using Guid(8cdcde314f9da4696852f9819aec6ed4) Importer(815301076,1909f56bfc062723c751e8b465ee728b)  -> (artifact id: '4e833704e8a43a221d86e43c67d86afa') in 0.010059 seconds
  Import took 0.015745 seconds .

========================================================================
Received Import Request.
  Time since last request: 5.162118 seconds.
  path: Assets/ThirdParty
  artifactKey: Guid(2f23402a02a99c249ade02bd016d9b34) Importer(815301076,1909f56bfc062723c751e8b465ee728b)
Start importing Assets/ThirdParty using Guid(2f23402a02a99c249ade02bd016d9b34) Importer(815301076,1909f56bfc062723c751e8b465ee728b)  -> (artifact id: '67878b56286a9fddd538aef21ee31a9c') in 0.003204 seconds
  Import took 0.008476 seconds .

========================================================================
Received Import Request.
  Time since last request: 0.059742 seconds.
  path: Assets/ThirdParty/TiltBrushToolkitThirdParty.asmdef
  artifactKey: Guid(56ceeb69b3820614298ba3264a0d0180) Importer(815301076,1909f56bfc062723c751e8b465ee728b)
Start importing Assets/ThirdParty/TiltBrushToolkitThirdParty.asmdef using Guid(56ceeb69b3820614298ba3264a0d0180) Importer(815301076,1909f56bfc062723c751e8b465ee728b)  -> (artifact id: 'c6d1336b9d8940a597981a1e33458fc1') in 0.004845 seconds
  Import took 0.010550 seconds .

========================================================================
Received Import Request.
  Time since last request: 3.684442 seconds.
  path: Assets/TiltBrush
  artifactKey: Guid(3397bba603e604112b9164be79f52ce0) Importer(815301076,1909f56bfc062723c751e8b465ee728b)
Start importing Assets/TiltBrush using Guid(3397bba603e604112b9164be79f52ce0) Importer(815301076,1909f56bfc062723c751e8b465ee728b)  -> (artifact id: '89b8648260e431f683d1cc82723ad545') in 0.003230 seconds
  Import took 0.008677 seconds .

========================================================================
Received Import Request.
  Time since last request: 1.946166 seconds.
  path: Assets/TiltBrush/Assets
  artifactKey: Guid(1c608847fc288463b9269707d082593d) Importer(815301076,1909f56bfc062723c751e8b465ee728b)
Start importing Assets/TiltBrush/Assets using Guid(1c608847fc288463b9269707d082593d) Importer(815301076,1909f56bfc062723c751e8b465ee728b)  -> (artifact id: '5f7d56b56525d2d0f70123044c35d2fe') in 0.002587 seconds
  Import took 0.007933 seconds .

========================================================================
Received Import Request.
  Time since last request: 1.248001 seconds.
  path: Assets/TiltBrush/Assets/Brushes
  artifactKey: Guid(417b2f1bdc1c34fea98eb6ace9531e4e) Importer(815301076,1909f56bfc062723c751e8b465ee728b)
Start importing Assets/TiltBrush/Assets/Brushes using Guid(417b2f1bdc1c34fea98eb6ace9531e4e) Importer(815301076,1909f56bfc062723c751e8b465ee728b)  -> (artifact id: '42cca1e58ebb5565c2ab8ae512f25421') in 0.003288 seconds
  Import took 0.008597 seconds .

========================================================================
Received Import Request.
  Time since last request: 1.948644 seconds.
  path: Assets/TiltBrush/Assets/Brushes/Basic
  artifactKey: Guid(02e7509562ea74d65a8d6ae3d32a61eb) Importer(815301076,1909f56bfc062723c751e8b465ee728b)
Start importing Assets/TiltBrush/Assets/Brushes/Basic using Guid(02e7509562ea74d65a8d6ae3d32a61eb) Importer(815301076,1909f56bfc062723c751e8b465ee728b)  -> (artifact id: '49a72bb9eeb8324dfbd0d2f171272627') in 0.003252 seconds
  Import took 0.008852 seconds .

AssetImportWorkerClient::OnTransportError - code=2 error=End of file
